<?xml version="1.0" encoding="UTF-8"?>
<coverage generated="1776721920453" clover="3.2.0">
  <project timestamp="1776721920453" name="All files">
    <metrics statements="37" coveredstatements="37" conditionals="16" coveredconditionals="13" methods="14" coveredmethods="14" elements="67" coveredelements="64" complexity="0" loc="37" ncloc="37" packages="2" files="2" classes="2"/>
    <package name="repository">
      <metrics statements="16" coveredstatements="16" conditionals="2" coveredconditionals="2" methods="8" coveredmethods="8"/>
      <file name="studentRepository.js" path="C:\Users\Me\SDI\implementation\server-mpp\src\repository\studentRepository.js">
        <metrics statements="16" coveredstatements="16" conditionals="2" coveredconditionals="2" methods="8" coveredmethods="8"/>
        <line num="4" count="1" type="stmt"/>
        <line num="83" count="1" type="stmt"/>
        <line num="85" count="1" type="stmt"/>
        <line num="88" count="1" type="stmt"/>
        <line num="93" count="32" type="stmt"/>
        <line num="98" count="1" type="stmt"/>
        <line num="99" count="1" type="stmt"/>
        <line num="100" count="1" type="stmt"/>
        <line num="105" count="17" type="stmt"/>
        <line num="106" count="2" type="cond" truecount="2" falsecount="0"/>
        <line num="109" count="1" type="stmt"/>
        <line num="110" count="1" type="stmt"/>
        <line num="115" count="2" type="stmt"/>
        <line num="116" count="32" type="stmt"/>
        <line num="117" count="2" type="stmt"/>
        <line num="121" count="1" type="stmt"/>
      </file>
    </package>
    <package name="services">
      <metrics statements="21" coveredstatements="21" conditionals="14" coveredconditionals="11" methods="6" coveredmethods="6"/>
      <file name="studentService.js" path="C:\Users\Me\SDI\implementation\server-mpp\src\services\studentService.js">
        <metrics statements="21" coveredstatements="21" conditionals="14" coveredconditionals="11" methods="6" coveredmethods="6"/>
        <line num="2" count="1" type="stmt"/>
        <line num="5" count="1" type="stmt"/>
        <line num="6" count="5" type="stmt"/>
        <line num="7" count="5" type="cond" truecount="4" falsecount="0"/>
        <line num="8" count="5" type="cond" truecount="3" falsecount="1"/>
        <line num="9" count="5" type="cond" truecount="2" falsecount="0"/>
        <line num="12" count="5" type="cond" truecount="2" falsecount="0"/>
        <line num="13" count="2" type="stmt"/>
        <line num="17" count="1" type="stmt"/>
        <line num="20" count="1" type="stmt"/>
        <line num="21" count="1" type="stmt"/>
        <line num="22" count="1" type="stmt"/>
        <line num="23" count="1" type="stmt"/>
        <line num="25" count="1" type="stmt"/>
        <line num="34" count="3" type="stmt"/>
        <line num="38" count="3" type="stmt"/>
        <line num="39" count="1" type="stmt"/>
        <line num="43" count="2" type="stmt"/>
        <line num="44" count="2" type="stmt"/>
        <line num="48" count="2" type="stmt"/>
        <line num="52" count="1" type="stmt"/>
      </file>
    </package>
  </project>
</coverage>
