{"C:\\Users\\Me\\SDI\\implementation\\server-mpp\\src\\controllers\\generatorController.js": {"path":"C:\\Users\\Me\\SDI\\implementation\\server-mpp\\src\\controllers\\generatorController.js","statementMap":{"0":{"start":{"line":2,"column":18},"end":{"line":2,"column":44}},"1":{"start":{"line":3,"column":23},"end":{"line":3,"column":60}},"2":{"start":{"line":5,"column":17},"end":{"line":5,"column":21}},"3":{"start":{"line":7,"column":0},"end":{"line":38,"column":2}},"4":{"start":{"line":9,"column":4},"end":{"line":11,"column":5}},"5":{"start":{"line":10,"column":8},"end":{"line":10,"column":78}},"6":{"start":{"line":13,"column":15},"end":{"line":13,"column":21}},"7":{"start":{"line":16,"column":4},"end":{"line":35,"column":13}},"8":{"start":{"line":17,"column":28},"end":{"line":22,"column":9}},"9":{"start":{"line":24,"column":8},"end":{"line":34,"column":9}},"10":{"start":{"line":26,"column":31},"end":{"line":26,"column":72}},"11":{"start":{"line":29,"column":12},"end":{"line":29,"column":49}},"12":{"start":{"line":31,"column":12},"end":{"line":31,"column":107}},"13":{"start":{"line":33,"column":12},"end":{"line":33,"column":64}},"14":{"start":{"line":37,"column":4},"end":{"line":37,"column":73}},"15":{"start":{"line":40,"column":0},"end":{"line":48,"column":2}},"16":{"start":{"line":41,"column":4},"end":{"line":46,"column":5}},"17":{"start":{"line":42,"column":8},"end":{"line":42,"column":34}},"18":{"start":{"line":43,"column":8},"end":{"line":43,"column":26}},"19":{"start":{"line":44,"column":8},"end":{"line":44,"column":52}},"20":{"start":{"line":45,"column":8},"end":{"line":45,"column":75}},"21":{"start":{"line":47,"column":4},"end":{"line":47,"column":68}}},"fnMap":{"0":{"name":"(anonymous_0)","decl":{"start":{"line":7,"column":25},"end":{"line":7,"column":26}},"loc":{"start":{"line":7,"column":39},"end":{"line":38,"column":1}},"line":7},"1":{"name":"(anonymous_1)","decl":{"start":{"line":16,"column":29},"end":{"line":16,"column":30}},"loc":{"start":{"line":16,"column":35},"end":{"line":35,"column":5}},"line":16},"2":{"name":"(anonymous_2)","decl":{"start":{"line":40,"column":24},"end":{"line":40,"column":25}},"loc":{"start":{"line":40,"column":38},"end":{"line":48,"column":1}},"line":40}},"branchMap":{"0":{"loc":{"start":{"line":9,"column":4},"end":{"line":11,"column":5}},"type":"if","locations":[{"start":{"line":9,"column":4},"end":{"line":11,"column":5}},{"start":{},"end":{}}],"line":9},"1":{"loc":{"start":{"line":41,"column":4},"end":{"line":46,"column":5}},"type":"if","locations":[{"start":{"line":41,"column":4},"end":{"line":46,"column":5}},{"start":{},"end":{}}],"line":41}},"s":{"0":1,"1":1,"2":1,"3":1,"4":5,"5":1,"6":4,"7":4,"8":2,"9":2,"10":2,"11":1,"12":1,"13":1,"14":4,"15":1,"16":7,"17":4,"18":4,"19":4,"20":4,"21":3},"f":{"0":5,"1":2,"2":7},"b":{"0":[1,4],"1":[4,3]},"_coverageSchema":"1a1c01bbd47fc00a2c39e90264f33305004495a9","hash":"7950561de22c5f57c228a978a481e1360ebd6159"}
,"C:\\Users\\Me\\SDI\\implementation\\server-mpp\\src\\repository\\studentRepository.js": {"path":"C:\\Users\\Me\\SDI\\implementation\\server-mpp\\src\\repository\\studentRepository.js","statementMap":{"0":{"start":{"line":4,"column":15},"end":{"line":80,"column":1}},"1":{"start":{"line":83,"column":13},"end":{"line":83,"column":15}},"2":{"start":{"line":85,"column":26},"end":{"line":119,"column":1}},"3":{"start":{"line":88,"column":8},"end":{"line":88,"column":24}},"4":{"start":{"line":93,"column":8},"end":{"line":93,"column":57}},"5":{"start":{"line":93,"column":34},"end":{"line":93,"column":55}},"6":{"start":{"line":98,"column":27},"end":{"line":98,"column":59}},"7":{"start":{"line":99,"column":8},"end":{"line":99,"column":34}},"8":{"start":{"line":100,"column":8},"end":{"line":100,"column":26}},"9":{"start":{"line":105,"column":22},"end":{"line":105,"column":68}},"10":{"start":{"line":105,"column":46},"end":{"line":105,"column":67}},"11":{"start":{"line":106,"column":8},"end":{"line":106,"column":38}},"12":{"start":{"line":106,"column":26},"end":{"line":106,"column":38}},"13":{"start":{"line":109,"column":8},"end":{"line":109,"column":83}},"14":{"start":{"line":110,"column":8},"end":{"line":110,"column":31}},"15":{"start":{"line":115,"column":30},"end":{"line":115,"column":45}},"16":{"start":{"line":116,"column":8},"end":{"line":116,"column":63}},"17":{"start":{"line":116,"column":40},"end":{"line":116,"column":61}},"18":{"start":{"line":117,"column":8},"end":{"line":117,"column":47}},"19":{"start":{"line":121,"column":0},"end":{"line":121,"column":35}}},"fnMap":{"0":{"name":"(anonymous_0)","decl":{"start":{"line":87,"column":12},"end":{"line":87,"column":13}},"loc":{"start":{"line":87,"column":18},"end":{"line":89,"column":5}},"line":87},"1":{"name":"(anonymous_1)","decl":{"start":{"line":92,"column":13},"end":{"line":92,"column":14}},"loc":{"start":{"line":92,"column":21},"end":{"line":94,"column":5}},"line":92},"2":{"name":"(anonymous_2)","decl":{"start":{"line":93,"column":29},"end":{"line":93,"column":30}},"loc":{"start":{"line":93,"column":34},"end":{"line":93,"column":55}},"line":93},"3":{"name":"(anonymous_3)","decl":{"start":{"line":97,"column":9},"end":{"line":97,"column":10}},"loc":{"start":{"line":97,"column":26},"end":{"line":101,"column":5}},"line":97},"4":{"name":"(anonymous_4)","decl":{"start":{"line":104,"column":12},"end":{"line":104,"column":13}},"loc":{"start":{"line":104,"column":33},"end":{"line":111,"column":5}},"line":104},"5":{"name":"(anonymous_5)","decl":{"start":{"line":105,"column":41},"end":{"line":105,"column":42}},"loc":{"start":{"line":105,"column":46},"end":{"line":105,"column":67}},"line":105},"6":{"name":"(anonymous_6)","decl":{"start":{"line":114,"column":12},"end":{"line":114,"column":13}},"loc":{"start":{"line":114,"column":20},"end":{"line":118,"column":5}},"line":114},"7":{"name":"(anonymous_7)","decl":{"start":{"line":116,"column":35},"end":{"line":116,"column":36}},"loc":{"start":{"line":116,"column":40},"end":{"line":116,"column":61}},"line":116}},"branchMap":{"0":{"loc":{"start":{"line":106,"column":8},"end":{"line":106,"column":38}},"type":"if","locations":[{"start":{"line":106,"column":8},"end":{"line":106,"column":38}},{"start":{},"end":{}}],"line":106}},"s":{"0":2,"1":2,"2":2,"3":2,"4":3,"5":32,"6":2,"7":2,"8":2,"9":2,"10":17,"11":2,"12":1,"13":1,"14":1,"15":2,"16":2,"17":32,"18":2,"19":2},"f":{"0":2,"1":3,"2":32,"3":2,"4":2,"5":17,"6":2,"7":32},"b":{"0":[1,1]},"_coverageSchema":"1a1c01bbd47fc00a2c39e90264f33305004495a9","hash":"0f7df325c9d448d4b2971da9f7ad7ea09ffa73a8"}
,"C:\\Users\\Me\\SDI\\implementation\\server-mpp\\src\\services\\studentService.js": {"path":"C:\\Users\\Me\\SDI\\implementation\\server-mpp\\src\\services\\studentService.js","statementMap":{"0":{"start":{"line":2,"column":26},"end":{"line":2,"column":68}},"1":{"start":{"line":5,"column":24},"end":{"line":15,"column":1}},"2":{"start":{"line":6,"column":19},"end":{"line":6,"column":21}},"3":{"start":{"line":7,"column":4},"end":{"line":7,"column":93}},"4":{"start":{"line":7,"column":55},"end":{"line":7,"column":93}},"5":{"start":{"line":8,"column":4},"end":{"line":8,"column":96}},"6":{"start":{"line":8,"column":57},"end":{"line":8,"column":96}},"7":{"start":{"line":9,"column":4},"end":{"line":9,"column":98}},"8":{"start":{"line":9,"column":53},"end":{"line":9,"column":98}},"9":{"start":{"line":12,"column":4},"end":{"line":14,"column":5}},"10":{"start":{"line":13,"column":8},"end":{"line":13,"column":42}},"11":{"start":{"line":17,"column":23},"end":{"line":50,"column":1}},"12":{"start":{"line":20,"column":28},"end":{"line":20,"column":54}},"13":{"start":{"line":21,"column":27},"end":{"line":21,"column":45}},"14":{"start":{"line":22,"column":25},"end":{"line":22,"column":43}},"15":{"start":{"line":23,"column":34},"end":{"line":23,"column":73}},"16":{"start":{"line":25,"column":8},"end":{"line":30,"column":10}},"17":{"start":{"line":34,"column":8},"end":{"line":34,"column":45}},"18":{"start":{"line":38,"column":8},"end":{"line":38,"column":37}},"19":{"start":{"line":39,"column":8},"end":{"line":39,"column":50}},"20":{"start":{"line":43,"column":8},"end":{"line":43,"column":37}},"21":{"start":{"line":44,"column":8},"end":{"line":44,"column":57}},"22":{"start":{"line":48,"column":8},"end":{"line":48,"column":44}},"23":{"start":{"line":52,"column":0},"end":{"line":52,"column":32}}},"fnMap":{"0":{"name":"(anonymous_0)","decl":{"start":{"line":5,"column":24},"end":{"line":5,"column":25}},"loc":{"start":{"line":5,"column":34},"end":{"line":15,"column":1}},"line":5},"1":{"name":"(anonymous_1)","decl":{"start":{"line":19,"column":26},"end":{"line":19,"column":27}},"loc":{"start":{"line":19,"column":52},"end":{"line":31,"column":5}},"line":19},"2":{"name":"(anonymous_2)","decl":{"start":{"line":33,"column":20},"end":{"line":33,"column":21}},"loc":{"start":{"line":33,"column":28},"end":{"line":35,"column":5}},"line":33},"3":{"name":"(anonymous_3)","decl":{"start":{"line":37,"column":19},"end":{"line":37,"column":20}},"loc":{"start":{"line":37,"column":36},"end":{"line":40,"column":5}},"line":37},"4":{"name":"(anonymous_4)","decl":{"start":{"line":42,"column":19},"end":{"line":42,"column":20}},"loc":{"start":{"line":42,"column":40},"end":{"line":45,"column":5}},"line":42},"5":{"name":"(anonymous_5)","decl":{"start":{"line":47,"column":19},"end":{"line":47,"column":20}},"loc":{"start":{"line":47,"column":27},"end":{"line":49,"column":5}},"line":47}},"branchMap":{"0":{"loc":{"start":{"line":7,"column":4},"end":{"line":7,"column":93}},"type":"if","locations":[{"start":{"line":7,"column":4},"end":{"line":7,"column":93}},{"start":{},"end":{}}],"line":7},"1":{"loc":{"start":{"line":7,"column":8},"end":{"line":7,"column":53}},"type":"binary-expr","locations":[{"start":{"line":7,"column":8},"end":{"line":7,"column":22}},{"start":{"line":7,"column":26},"end":{"line":7,"column":53}}],"line":7},"2":{"loc":{"start":{"line":8,"column":4},"end":{"line":8,"column":96}},"type":"if","locations":[{"start":{"line":8,"column":4},"end":{"line":8,"column":96}},{"start":{},"end":{}}],"line":8},"3":{"loc":{"start":{"line":8,"column":8},"end":{"line":8,"column":55}},"type":"binary-expr","locations":[{"start":{"line":8,"column":8},"end":{"line":8,"column":23}},{"start":{"line":8,"column":27},"end":{"line":8,"column":55}}],"line":8},"4":{"loc":{"start":{"line":9,"column":4},"end":{"line":9,"column":98}},"type":"if","locations":[{"start":{"line":9,"column":4},"end":{"line":9,"column":98}},{"start":{},"end":{}}],"line":9},"5":{"loc":{"start":{"line":12,"column":4},"end":{"line":14,"column":5}},"type":"if","locations":[{"start":{"line":12,"column":4},"end":{"line":14,"column":5}},{"start":{},"end":{}}],"line":12},"6":{"loc":{"start":{"line":19,"column":27},"end":{"line":19,"column":35}},"type":"default-arg","locations":[{"start":{"line":19,"column":34},"end":{"line":19,"column":35}}],"line":19},"7":{"loc":{"start":{"line":19,"column":37},"end":{"line":19,"column":47}},"type":"default-arg","locations":[{"start":{"line":19,"column":45},"end":{"line":19,"column":47}}],"line":19}},"s":{"0":2,"1":2,"2":10,"3":10,"4":3,"5":10,"6":2,"7":10,"8":3,"9":10,"10":6,"11":2,"12":2,"13":2,"14":2,"15":2,"16":2,"17":3,"18":7,"19":2,"20":3,"21":2,"22":2,"23":2},"f":{"0":10,"1":2,"2":3,"3":7,"4":3,"5":2},"b":{"0":[3,7],"1":[10,7],"2":[2,8],"3":[10,9],"4":[3,7],"5":[6,4],"6":[1],"7":[1]},"_coverageSchema":"1a1c01bbd47fc00a2c39e90264f33305004495a9","hash":"987a41500d8dd5f20567b5f5f52d345c69227dfb"}
}
