{"C:\\Users\\Me\\SDI\\implementation\\server-mpp\\src\\controllers\\generatorController.js": {"path":"C:\\Users\\Me\\SDI\\implementation\\server-mpp\\src\\controllers\\generatorController.js","statementMap":{"0":{"start":{"line":2,"column":18},"end":{"line":2,"column":44}},"1":{"start":{"line":3,"column":23},"end":{"line":3,"column":60}},"2":{"start":{"line":5,"column":17},"end":{"line":5,"column":21}},"3":{"start":{"line":7,"column":0},"end":{"line":38,"column":2}},"4":{"start":{"line":9,"column":4},"end":{"line":11,"column":5}},"5":{"start":{"line":10,"column":8},"end":{"line":10,"column":78}},"6":{"start":{"line":13,"column":15},"end":{"line":13,"column":21}},"7":{"start":{"line":16,"column":4},"end":{"line":35,"column":13}},"8":{"start":{"line":17,"column":28},"end":{"line":22,"column":9}},"9":{"start":{"line":24,"column":8},"end":{"line":34,"column":9}},"10":{"start":{"line":26,"column":31},"end":{"line":26,"column":72}},"11":{"start":{"line":29,"column":12},"end":{"line":29,"column":49}},"12":{"start":{"line":31,"column":12},"end":{"line":31,"column":107}},"13":{"start":{"line":33,"column":12},"end":{"line":33,"column":64}},"14":{"start":{"line":37,"column":4},"end":{"line":37,"column":73}},"15":{"start":{"line":40,"column":0},"end":{"line":48,"column":2}},"16":{"start":{"line":41,"column":4},"end":{"line":46,"column":5}},"17":{"start":{"line":42,"column":8},"end":{"line":42,"column":34}},"18":{"start":{"line":43,"column":8},"end":{"line":43,"column":26}},"19":{"start":{"line":44,"column":8},"end":{"line":44,"column":52}},"20":{"start":{"line":45,"column":8},"end":{"line":45,"column":75}},"21":{"start":{"line":47,"column":4},"end":{"line":47,"column":68}}},"fnMap":{"0":{"name":"(anonymous_0)","decl":{"start":{"line":7,"column":25},"end":{"line":7,"column":26}},"loc":{"start":{"line":7,"column":39},"end":{"line":38,"column":1}},"line":7},"1":{"name":"(anonymous_1)","decl":{"start":{"line":16,"column":29},"end":{"line":16,"column":30}},"loc":{"start":{"line":16,"column":35},"end":{"line":35,"column":5}},"line":16},"2":{"name":"(anonymous_2)","decl":{"start":{"line":40,"column":24},"end":{"line":40,"column":25}},"loc":{"start":{"line":40,"column":38},"end":{"line":48,"column":1}},"line":40}},"branchMap":{"0":{"loc":{"start":{"line":9,"column":4},"end":{"line":11,"column":5}},"type":"if","locations":[{"start":{"line":9,"column":4},"end":{"line":11,"column":5}},{"start":{},"end":{}}],"line":9},"1":{"loc":{"start":{"line":41,"column":4},"end":{"line":46,"column":5}},"type":"if","locations":[{"start":{"line":41,"column":4},"end":{"line":46,"column":5}},{"start":{},"end":{}}],"line":41}},"s":{"0":1,"1":1,"2":1,"3":1,"4":5,"5":1,"6":4,"7":4,"8":2,"9":2,"10":2,"11":1,"12":1,"13":1,"14":4,"15":1,"16":7,"17":4,"18":4,"19":4,"20":4,"21":3},"f":{"0":5,"1":2,"2":7},"b":{"0":[1,4],"1":[4,3]},"_coverageSchema":"1a1c01bbd47fc00a2c39e90264f33305004495a9","hash":"7950561de22c5f57c228a978a481e1360ebd6159"}
,"C:\\Users\\Me\\SDI\\implementation\\server-mpp\\src\\repository\\studentRepository.js": {"path":"C:\\Users\\Me\\SDI\\implementation\\server-mpp\\src\\repository\\studentRepository.js","statementMap":{"0":{"start":{"line":3,"column":15},"end":{"line":163,"column":1}},"1":{"start":{"line":165,"column":13},"end":{"line":165,"column":15}},"2":{"start":{"line":167,"column":26},"end":{"line":186,"column":1}},"3":{"start":{"line":168,"column":18},"end":{"line":168,"column":26}},"4":{"start":{"line":169,"column":21},"end":{"line":169,"column":62}},"5":{"start":{"line":169,"column":40},"end":{"line":169,"column":61}},"6":{"start":{"line":171,"column":27},"end":{"line":171,"column":59}},"7":{"start":{"line":172,"column":8},"end":{"line":172,"column":34}},"8":{"start":{"line":173,"column":8},"end":{"line":173,"column":26}},"9":{"start":{"line":176,"column":22},"end":{"line":176,"column":68}},"10":{"start":{"line":176,"column":46},"end":{"line":176,"column":67}},"11":{"start":{"line":177,"column":8},"end":{"line":177,"column":38}},"12":{"start":{"line":177,"column":26},"end":{"line":177,"column":38}},"13":{"start":{"line":178,"column":8},"end":{"line":178,"column":83}},"14":{"start":{"line":179,"column":8},"end":{"line":179,"column":31}},"15":{"start":{"line":182,"column":30},"end":{"line":182,"column":45}},"16":{"start":{"line":183,"column":8},"end":{"line":183,"column":63}},"17":{"start":{"line":183,"column":40},"end":{"line":183,"column":61}},"18":{"start":{"line":184,"column":8},"end":{"line":184,"column":47}},"19":{"start":{"line":188,"column":0},"end":{"line":188,"column":35}}},"fnMap":{"0":{"name":"(anonymous_0)","decl":{"start":{"line":168,"column":12},"end":{"line":168,"column":13}},"loc":{"start":{"line":168,"column":18},"end":{"line":168,"column":26}},"line":168},"1":{"name":"(anonymous_1)","decl":{"start":{"line":169,"column":13},"end":{"line":169,"column":14}},"loc":{"start":{"line":169,"column":21},"end":{"line":169,"column":62}},"line":169},"2":{"name":"(anonymous_2)","decl":{"start":{"line":169,"column":35},"end":{"line":169,"column":36}},"loc":{"start":{"line":169,"column":40},"end":{"line":169,"column":61}},"line":169},"3":{"name":"(anonymous_3)","decl":{"start":{"line":170,"column":9},"end":{"line":170,"column":10}},"loc":{"start":{"line":170,"column":26},"end":{"line":174,"column":5}},"line":170},"4":{"name":"(anonymous_4)","decl":{"start":{"line":175,"column":12},"end":{"line":175,"column":13}},"loc":{"start":{"line":175,"column":33},"end":{"line":180,"column":5}},"line":175},"5":{"name":"(anonymous_5)","decl":{"start":{"line":176,"column":41},"end":{"line":176,"column":42}},"loc":{"start":{"line":176,"column":46},"end":{"line":176,"column":67}},"line":176},"6":{"name":"(anonymous_6)","decl":{"start":{"line":181,"column":12},"end":{"line":181,"column":13}},"loc":{"start":{"line":181,"column":20},"end":{"line":185,"column":5}},"line":181},"7":{"name":"(anonymous_7)","decl":{"start":{"line":183,"column":35},"end":{"line":183,"column":36}},"loc":{"start":{"line":183,"column":40},"end":{"line":183,"column":61}},"line":183}},"branchMap":{"0":{"loc":{"start":{"line":177,"column":8},"end":{"line":177,"column":38}},"type":"if","locations":[{"start":{"line":177,"column":8},"end":{"line":177,"column":38}},{"start":{},"end":{}}],"line":177}},"s":{"0":3,"1":3,"2":3,"3":3,"4":3,"5":32,"6":3,"7":3,"8":3,"9":2,"10":17,"11":2,"12":1,"13":1,"14":1,"15":2,"16":2,"17":33,"18":2,"19":3},"f":{"0":3,"1":3,"2":32,"3":3,"4":2,"5":17,"6":2,"7":33},"b":{"0":[1,1]},"_coverageSchema":"1a1c01bbd47fc00a2c39e90264f33305004495a9","hash":"1c0c847c52baa14b8b9c75cbfc2d403d64791038"}
,"C:\\Users\\Me\\SDI\\implementation\\server-mpp\\src\\services\\studentService.js": {"path":"C:\\Users\\Me\\SDI\\implementation\\server-mpp\\src\\services\\studentService.js","statementMap":{"0":{"start":{"line":1,"column":26},"end":{"line":1,"column":68}},"1":{"start":{"line":4,"column":19},"end":{"line":7,"column":1}},"2":{"start":{"line":5,"column":16},"end":{"line":5,"column":51}},"3":{"start":{"line":6,"column":4},"end":{"line":6,"column":27}},"4":{"start":{"line":9,"column":19},"end":{"line":14,"column":1}},"5":{"start":{"line":10,"column":4},"end":{"line":10,"column":32}},"6":{"start":{"line":10,"column":20},"end":{"line":10,"column":32}},"7":{"start":{"line":11,"column":4},"end":{"line":11,"column":31}},"8":{"start":{"line":11,"column":20},"end":{"line":11,"column":31}},"9":{"start":{"line":12,"column":4},"end":{"line":12,"column":31}},"10":{"start":{"line":12,"column":20},"end":{"line":12,"column":31}},"11":{"start":{"line":13,"column":4},"end":{"line":13,"column":15}},"12":{"start":{"line":17,"column":28},"end":{"line":44,"column":1}},"13":{"start":{"line":18,"column":4},"end":{"line":20,"column":5}},"14":{"start":{"line":19,"column":8},"end":{"line":19,"column":66}},"15":{"start":{"line":22,"column":31},"end":{"line":22,"column":32}},"16":{"start":{"line":23,"column":26},"end":{"line":23,"column":28}},"17":{"start":{"line":25,"column":4},"end":{"line":34,"column":7}},"18":{"start":{"line":26,"column":26},"end":{"line":26,"column":52}},"19":{"start":{"line":27,"column":20},"end":{"line":27,"column":102}},"20":{"start":{"line":27,"column":70},"end":{"line":27,"column":75}},"21":{"start":{"line":29,"column":8},"end":{"line":32,"column":10}},"22":{"start":{"line":33,"column":8},"end":{"line":33,"column":36}},"23":{"start":{"line":36,"column":23},"end":{"line":36,"column":69}},"24":{"start":{"line":38,"column":4},"end":{"line":43,"column":6}},"25":{"start":{"line":46,"column":23},"end":{"line":123,"column":1}},"26":{"start":{"line":48,"column":28},"end":{"line":48,"column":54}},"27":{"start":{"line":49,"column":27},"end":{"line":49,"column":45}},"28":{"start":{"line":50,"column":25},"end":{"line":50,"column":43}},"29":{"start":{"line":51,"column":29},"end":{"line":51,"column":68}},"30":{"start":{"line":52,"column":30},"end":{"line":52,"column":67}},"31":{"start":{"line":54,"column":8},"end":{"line":59,"column":10}},"32":{"start":{"line":63,"column":24},"end":{"line":63,"column":53}},"33":{"start":{"line":64,"column":8},"end":{"line":64,"column":61}},"34":{"start":{"line":68,"column":30},"end":{"line":80,"column":9}},"35":{"start":{"line":81,"column":8},"end":{"line":81,"column":52}},"36":{"start":{"line":85,"column":8},"end":{"line":85,"column":57}},"37":{"start":{"line":89,"column":8},"end":{"line":89,"column":44}},"38":{"start":{"line":93,"column":24},"end":{"line":93,"column":68}},"39":{"start":{"line":94,"column":8},"end":{"line":94,"column":59}},"40":{"start":{"line":94,"column":22},"end":{"line":94,"column":59}},"41":{"start":{"line":96,"column":24},"end":{"line":96,"column":74}},"42":{"start":{"line":96,"column":51},"end":{"line":96,"column":73}},"43":{"start":{"line":97,"column":8},"end":{"line":97,"column":59}},"44":{"start":{"line":97,"column":22},"end":{"line":97,"column":59}},"45":{"start":{"line":99,"column":8},"end":{"line":99,"column":40}},"46":{"start":{"line":100,"column":27},"end":{"line":100,"column":79}},"47":{"start":{"line":101,"column":26},"end":{"line":101,"column":57}},"48":{"start":{"line":103,"column":8},"end":{"line":103,"column":98}},"49":{"start":{"line":104,"column":8},"end":{"line":104,"column":25}},"50":{"start":{"line":109,"column":24},"end":{"line":109,"column":68}},"51":{"start":{"line":110,"column":8},"end":{"line":110,"column":59}},"52":{"start":{"line":110,"column":22},"end":{"line":110,"column":59}},"53":{"start":{"line":112,"column":24},"end":{"line":112,"column":78}},"54":{"start":{"line":112,"column":53},"end":{"line":112,"column":77}},"55":{"start":{"line":113,"column":8},"end":{"line":113,"column":93}},"56":{"start":{"line":113,"column":41},"end":{"line":113,"column":93}},"57":{"start":{"line":115,"column":8},"end":{"line":115,"column":45}},"58":{"start":{"line":117,"column":27},"end":{"line":117,"column":79}},"59":{"start":{"line":118,"column":26},"end":{"line":118,"column":57}},"60":{"start":{"line":120,"column":8},"end":{"line":120,"column":83}},"61":{"start":{"line":121,"column":8},"end":{"line":121,"column":25}},"62":{"start":{"line":125,"column":0},"end":{"line":125,"column":32}}},"fnMap":{"0":{"name":"(anonymous_0)","decl":{"start":{"line":4,"column":19},"end":{"line":4,"column":20}},"loc":{"start":{"line":4,"column":30},"end":{"line":7,"column":1}},"line":4},"1":{"name":"(anonymous_1)","decl":{"start":{"line":9,"column":19},"end":{"line":9,"column":20}},"loc":{"start":{"line":9,"column":28},"end":{"line":14,"column":1}},"line":9},"2":{"name":"(anonymous_2)","decl":{"start":{"line":17,"column":28},"end":{"line":17,"column":29}},"loc":{"start":{"line":17,"column":41},"end":{"line":44,"column":1}},"line":17},"3":{"name":"(anonymous_3)","decl":{"start":{"line":25,"column":29},"end":{"line":25,"column":30}},"loc":{"start":{"line":25,"column":36},"end":{"line":34,"column":5}},"line":25},"4":{"name":"(anonymous_4)","decl":{"start":{"line":27,"column":60},"end":{"line":27,"column":61}},"loc":{"start":{"line":27,"column":70},"end":{"line":27,"column":75}},"line":27},"5":{"name":"(anonymous_5)","decl":{"start":{"line":47,"column":26},"end":{"line":47,"column":27}},"loc":{"start":{"line":47,"column":52},"end":{"line":60,"column":5}},"line":47},"6":{"name":"(anonymous_6)","decl":{"start":{"line":62,"column":20},"end":{"line":62,"column":21}},"loc":{"start":{"line":62,"column":28},"end":{"line":65,"column":5}},"line":62},"7":{"name":"(anonymous_7)","decl":{"start":{"line":67,"column":19},"end":{"line":67,"column":20}},"loc":{"start":{"line":67,"column":36},"end":{"line":82,"column":5}},"line":67},"8":{"name":"(anonymous_8)","decl":{"start":{"line":84,"column":19},"end":{"line":84,"column":20}},"loc":{"start":{"line":84,"column":40},"end":{"line":86,"column":5}},"line":84},"9":{"name":"(anonymous_9)","decl":{"start":{"line":88,"column":19},"end":{"line":88,"column":20}},"loc":{"start":{"line":88,"column":27},"end":{"line":90,"column":5}},"line":88},"10":{"name":"(anonymous_10)","decl":{"start":{"line":92,"column":14},"end":{"line":92,"column":15}},"loc":{"start":{"line":92,"column":54},"end":{"line":105,"column":5}},"line":92},"11":{"name":"(anonymous_11)","decl":{"start":{"line":96,"column":46},"end":{"line":96,"column":47}},"loc":{"start":{"line":96,"column":51},"end":{"line":96,"column":73}},"line":96},"12":{"name":"(anonymous_12)","decl":{"start":{"line":107,"column":17},"end":{"line":107,"column":18}},"loc":{"start":{"line":107,"column":57},"end":{"line":122,"column":5}},"line":107},"13":{"name":"(anonymous_13)","decl":{"start":{"line":112,"column":46},"end":{"line":112,"column":47}},"loc":{"start":{"line":112,"column":53},"end":{"line":112,"column":77}},"line":112}},"branchMap":{"0":{"loc":{"start":{"line":6,"column":11},"end":{"line":6,"column":26}},"type":"binary-expr","locations":[{"start":{"line":6,"column":11},"end":{"line":6,"column":21}},{"start":{"line":6,"column":25},"end":{"line":6,"column":26}}],"line":6},"1":{"loc":{"start":{"line":10,"column":4},"end":{"line":10,"column":32}},"type":"if","locations":[{"start":{"line":10,"column":4},"end":{"line":10,"column":32}},{"start":{},"end":{}}],"line":10},"2":{"loc":{"start":{"line":11,"column":4},"end":{"line":11,"column":31}},"type":"if","locations":[{"start":{"line":11,"column":4},"end":{"line":11,"column":31}},{"start":{},"end":{}}],"line":11},"3":{"loc":{"start":{"line":12,"column":4},"end":{"line":12,"column":31}},"type":"if","locations":[{"start":{"line":12,"column":4},"end":{"line":12,"column":31}},{"start":{},"end":{}}],"line":12},"4":{"loc":{"start":{"line":18,"column":4},"end":{"line":20,"column":5}},"type":"if","locations":[{"start":{"line":18,"column":4},"end":{"line":20,"column":5}},{"start":{},"end":{}}],"line":18},"5":{"loc":{"start":{"line":18,"column":8},"end":{"line":18,"column":58}},"type":"binary-expr","locations":[{"start":{"line":18,"column":8},"end":{"line":18,"column":25}},{"start":{"line":18,"column":29},"end":{"line":18,"column":58}}],"line":18},"6":{"loc":{"start":{"line":27,"column":20},"end":{"line":27,"column":102}},"type":"cond-expr","locations":[{"start":{"line":27,"column":43},"end":{"line":27,"column":98}},{"start":{"line":27,"column":101},"end":{"line":27,"column":102}}],"line":27},"7":{"loc":{"start":{"line":47,"column":27},"end":{"line":47,"column":35}},"type":"default-arg","locations":[{"start":{"line":47,"column":34},"end":{"line":47,"column":35}}],"line":47},"8":{"loc":{"start":{"line":47,"column":37},"end":{"line":47,"column":47}},"type":"default-arg","locations":[{"start":{"line":47,"column":45},"end":{"line":47,"column":47}}],"line":47},"9":{"loc":{"start":{"line":64,"column":15},"end":{"line":64,"column":60}},"type":"cond-expr","locations":[{"start":{"line":64,"column":25},"end":{"line":64,"column":53}},{"start":{"line":64,"column":56},"end":{"line":64,"column":60}}],"line":64},"10":{"loc":{"start":{"line":70,"column":22},"end":{"line":79,"column":13}},"type":"binary-expr","locations":[{"start":{"line":70,"column":22},"end":{"line":70,"column":42}},{"start":{"line":70,"column":46},"end":{"line":79,"column":13}}],"line":70},"11":{"loc":{"start":{"line":94,"column":8},"end":{"line":94,"column":59}},"type":"if","locations":[{"start":{"line":94,"column":8},"end":{"line":94,"column":59}},{"start":{},"end":{}}],"line":94},"12":{"loc":{"start":{"line":97,"column":8},"end":{"line":97,"column":59}},"type":"if","locations":[{"start":{"line":97,"column":8},"end":{"line":97,"column":59}},{"start":{},"end":{}}],"line":97},"13":{"loc":{"start":{"line":110,"column":8},"end":{"line":110,"column":59}},"type":"if","locations":[{"start":{"line":110,"column":8},"end":{"line":110,"column":59}},{"start":{},"end":{}}],"line":110},"14":{"loc":{"start":{"line":113,"column":8},"end":{"line":113,"column":93}},"type":"if","locations":[{"start":{"line":113,"column":8},"end":{"line":113,"column":93}},{"start":{},"end":{}}],"line":113},"15":{"loc":{"start":{"line":113,"column":12},"end":{"line":113,"column":39}},"type":"binary-expr","locations":[{"start":{"line":113,"column":12},"end":{"line":113,"column":20}},{"start":{"line":113,"column":24},"end":{"line":113,"column":39}}],"line":113}},"s":{"0":2,"1":2,"2":6,"3":6,"4":2,"5":10,"6":4,"7":6,"8":2,"9":4,"10":2,"11":2,"12":2,"13":6,"14":1,"15":5,"16":5,"17":5,"18":5,"19":5,"20":6,"21":5,"22":5,"23":5,"24":5,"25":2,"26":0,"27":0,"28":0,"29":0,"30":0,"31":0,"32":6,"33":6,"34":2,"35":2,"36":1,"37":1,"38":2,"39":2,"40":1,"41":1,"42":1,"43":1,"44":0,"45":1,"46":1,"47":1,"48":1,"49":1,"50":0,"51":0,"52":0,"53":0,"54":0,"55":0,"56":0,"57":0,"58":0,"59":0,"60":0,"61":0,"62":2},"f":{"0":6,"1":10,"2":6,"3":5,"4":6,"5":0,"6":6,"7":2,"8":1,"9":1,"10":2,"11":1,"12":0,"13":0},"b":{"0":[6,0],"1":[4,6],"2":[2,4],"3":[2,2],"4":[1,5],"5":[6,5],"6":[5,0],"7":[0],"8":[0],"9":[5,1],"10":[2,1],"11":[1,1],"12":[0,1],"13":[0,0],"14":[0,0],"15":[0,0]},"_coverageSchema":"1a1c01bbd47fc00a2c39e90264f33305004495a9","hash":"6011f27164a98d4918fed1000b1d2f78c696f6ec"}
}
