TN:
SF:src\controllers\generatorController.js
FN:7,(anonymous_0)
FN:16,(anonymous_1)
FN:40,(anonymous_2)
FNF:3
FNH:3
FNDA:5,(anonymous_0)
FNDA:2,(anonymous_1)
FNDA:7,(anonymous_2)
DA:2,1
DA:3,1
DA:5,1
DA:7,1
DA:9,5
DA:10,1
DA:13,4
DA:16,4
DA:17,2
DA:24,2
DA:26,2
DA:29,1
DA:31,1
DA:33,1
DA:37,4
DA:40,1
DA:41,7
DA:42,4
DA:43,4
DA:44,4
DA:45,4
DA:47,3
LF:22
LH:22
BRDA:9,0,0,1
BRDA:9,0,1,4
BRDA:41,1,0,4
BRDA:41,1,1,3
BRF:4
BRH:4
end_of_record
TN:
SF:src\repository\studentRepository.js
FN:87,(anonymous_0)
FN:92,(anonymous_1)
FN:93,(anonymous_2)
FN:97,(anonymous_3)
FN:104,(anonymous_4)
FN:105,(anonymous_5)
FN:114,(anonymous_6)
FN:116,(anonymous_7)
FNF:8
FNH:8
FNDA:2,(anonymous_0)
FNDA:3,(anonymous_1)
FNDA:32,(anonymous_2)
FNDA:2,(anonymous_3)
FNDA:2,(anonymous_4)
FNDA:17,(anonymous_5)
FNDA:2,(anonymous_6)
FNDA:32,(anonymous_7)
DA:4,2
DA:83,2
DA:85,2
DA:88,2
DA:93,32
DA:98,2
DA:99,2
DA:100,2
DA:105,17
DA:106,2
DA:109,1
DA:110,1
DA:115,2
DA:116,32
DA:117,2
DA:121,2
LF:16
LH:16
BRDA:106,0,0,1
BRDA:106,0,1,1
BRF:2
BRH:2
end_of_record
TN:
SF:src\services\studentService.js
FN:5,(anonymous_0)
FN:19,(anonymous_1)
FN:33,(anonymous_2)
FN:37,(anonymous_3)
FN:42,(anonymous_4)
FN:47,(anonymous_5)
FNF:6
FNH:6
FNDA:10,(anonymous_0)
FNDA:2,(anonymous_1)
FNDA:3,(anonymous_2)
FNDA:7,(anonymous_3)
FNDA:3,(anonymous_4)
FNDA:2,(anonymous_5)
DA:2,2
DA:5,2
DA:6,10
DA:7,10
DA:8,10
DA:9,10
DA:12,10
DA:13,6
DA:17,2
DA:20,2
DA:21,2
DA:22,2
DA:23,2
DA:25,2
DA:34,3
DA:38,7
DA:39,2
DA:43,3
DA:44,2
DA:48,2
DA:52,2
LF:21
LH:21
BRDA:7,0,0,3
BRDA:7,0,1,7
BRDA:7,1,0,10
BRDA:7,1,1,7
BRDA:8,2,0,2
BRDA:8,2,1,8
BRDA:8,3,0,10
BRDA:8,3,1,9
BRDA:9,4,0,3
BRDA:9,4,1,7
BRDA:12,5,0,6
BRDA:12,5,1,4
BRDA:19,6,0,1
BRDA:19,7,0,1
BRF:14
BRH:14
end_of_record
