TN:
SF:src\repository\studentRepository.js
FN:87,(anonymous_0)
FN:92,(anonymous_1)
FN:93,(anonymous_2)
FN:97,(anonymous_3)
FN:104,(anonymous_4)
FN:105,(anonymous_5)
FN:114,(anonymous_6)
FN:116,(anonymous_7)
FNF:8
FNH:8
FNDA:1,(anonymous_0)
FNDA:3,(anonymous_1)
FNDA:32,(anonymous_2)
FNDA:1,(anonymous_3)
FNDA:2,(anonymous_4)
FNDA:17,(anonymous_5)
FNDA:2,(anonymous_6)
FNDA:32,(anonymous_7)
DA:4,1
DA:83,1
DA:85,1
DA:88,1
DA:93,32
DA:98,1
DA:99,1
DA:100,1
DA:105,17
DA:106,2
DA:109,1
DA:110,1
DA:115,2
DA:116,32
DA:117,2
DA:121,1
LF:16
LH:16
BRDA:106,0,0,1
BRDA:106,0,1,1
BRF:2
BRH:2
end_of_record
TN:
SF:src\services\studentService.js
FN:5,(anonymous_0)
FN:19,(anonymous_1)
FN:33,(anonymous_2)
FN:37,(anonymous_3)
FN:42,(anonymous_4)
FN:47,(anonymous_5)
FNF:6
FNH:6
FNDA:5,(anonymous_0)
FNDA:1,(anonymous_1)
FNDA:3,(anonymous_2)
FNDA:3,(anonymous_3)
FNDA:2,(anonymous_4)
FNDA:2,(anonymous_5)
DA:2,1
DA:5,1
DA:6,5
DA:7,5
DA:8,5
DA:9,5
DA:12,5
DA:13,2
DA:17,1
DA:20,1
DA:21,1
DA:22,1
DA:23,1
DA:25,1
DA:34,3
DA:38,3
DA:39,1
DA:43,2
DA:44,2
DA:48,2
DA:52,1
LF:21
LH:21
BRDA:7,0,0,1
BRDA:7,0,1,4
BRDA:7,1,0,5
BRDA:7,1,1,4
BRDA:8,2,0,0
BRDA:8,2,1,5
BRDA:8,3,0,5
BRDA:8,3,1,5
BRDA:9,4,0,1
BRDA:9,4,1,4
BRDA:12,5,0,2
BRDA:12,5,1,3
BRDA:19,6,0,0
BRDA:19,7,0,0
BRF:14
BRH:11
end_of_record
