<?xml version="1.0" encoding="UTF-8"?>
<coverage generated="1774551712343" clover="3.2.0">
  <project timestamp="1774551712343" name="All files">
    <metrics statements="125" coveredstatements="124" conditionals="151" coveredconditionals="136" methods="30" coveredmethods="28" elements="306" coveredelements="288" complexity="0" loc="125" ncloc="125" packages="2" files="5" classes="5"/>
    <package name="components">
      <metrics statements="23" coveredstatements="22" conditionals="61" coveredconditionals="55" methods="18" coveredmethods="16"/>
      <file name="DetailedView.jsx" path="C:\Users\Me\SDI\implementation\digital-gradebook\src\components\DetailedView.jsx">
        <metrics statements="8" coveredstatements="8" conditionals="18" coveredconditionals="18" methods="2" coveredmethods="2"/>
        <line num="5" count="7" type="cond" truecount="2" falsecount="0"/>
        <line num="7" count="6" type="stmt"/>
        <line num="8" count="6" type="cond" truecount="4" falsecount="0"/>
        <line num="9" count="3" type="cond" truecount="2" falsecount="0"/>
        <line num="10" count="2" type="cond" truecount="2" falsecount="0"/>
        <line num="11" count="1" type="stmt"/>
        <line num="14" count="6" type="stmt"/>
        <line num="16" count="6" type="stmt"/>
      </file>
      <file name="MasterView.jsx" path="C:\Users\Me\SDI\implementation\digital-gradebook\src\components\MasterView.jsx">
        <metrics statements="13" coveredstatements="12" conditionals="41" coveredconditionals="36" methods="15" coveredmethods="13"/>
        <line num="11" count="19" type="stmt"/>
        <line num="14" count="19" type="stmt"/>
        <line num="24" count="0" type="cond" truecount="2" falsecount="0"/>
        <line num="25" count="2" type="cond" truecount="2" falsecount="0"/>
        <line num="40" count="3" type="stmt"/>
        <line num="43" count="2" type="stmt"/>
        <line num="51" count="47" type="cond" truecount="0" falsecount="2"/>
        <line num="79" count="1" type="stmt"/>
        <line num="84" count="21" type="stmt"/>
        <line num="85" count="21" type="stmt"/>
        <line num="88" count="1" type="stmt"/>
        <line num="96" count="1" type="stmt"/>
        <line num="148" count="18" type="stmt"/>
      </file>
      <file name="StudentForm.jsx" path="C:\Users\Me\SDI\implementation\digital-gradebook\src\components\StudentForm.jsx">
        <metrics statements="2" coveredstatements="2" conditionals="2" coveredconditionals="1" methods="1" coveredmethods="1"/>
        <line num="6" count="14" type="stmt"/>
        <line num="8" count="14" type="stmt"/>
      </file>
    </package>
    <package name="hooks">
      <metrics statements="102" coveredstatements="102" conditionals="90" coveredconditionals="81" methods="12" coveredmethods="12"/>
      <file name="useMasterView.js" path="C:\Users\Me\SDI\implementation\digital-gradebook\src\hooks\useMasterView.js">
        <metrics statements="55" coveredstatements="55" conditionals="42" coveredconditionals="33" methods="9" coveredmethods="9"/>
        <line num="5" count="19" type="stmt"/>
        <line num="6" count="19" type="stmt"/>
        <line num="7" count="19" type="stmt"/>
        <line num="9" count="19" type="stmt"/>
        <line num="10" count="19" type="cond" truecount="2" falsecount="0"/>
        <line num="12" count="19" type="stmt"/>
        <line num="14" count="19" type="stmt"/>
        <line num="15" count="5" type="stmt"/>
        <line num="16" count="5" type="cond" truecount="4" falsecount="0"/>
        <line num="17" count="1" type="stmt"/>
        <line num="19" count="5" type="stmt"/>
        <line num="22" count="19" type="stmt"/>
        <line num="23" count="54" type="cond" truecount="2" falsecount="0"/>
        <line num="24" count="4" type="stmt"/>
        <line num="25" count="4" type="stmt"/>
        <line num="26" count="4" type="cond" truecount="1" falsecount="3"/>
        <line num="27" count="4" type="cond" truecount="4" falsecount="0"/>
        <line num="28" count="1" type="stmt"/>
        <line num="30" count="50" type="cond" truecount="2" falsecount="0"/>
        <line num="31" count="3" type="stmt"/>
        <line num="32" count="3" type="stmt"/>
        <line num="33" count="3" type="cond" truecount="3" falsecount="1"/>
        <line num="34" count="2" type="cond" truecount="1" falsecount="3"/>
        <line num="35" count="2" type="stmt"/>
        <line num="37" count="47" type="stmt"/>
        <line num="40" count="19" type="stmt"/>
        <line num="41" count="19" type="stmt"/>
        <line num="42" count="19" type="stmt"/>
        <line num="44" count="19" type="stmt"/>
        <line num="45" count="47" type="cond" truecount="2" falsecount="0"/>
        <line num="46" count="11" type="cond" truecount="1" falsecount="1"/>
        <line num="47" count="11" type="cond" truecount="2" falsecount="0"/>
        <line num="48" count="4" type="cond" truecount="1" falsecount="1"/>
        <line num="49" count="4" type="stmt"/>
        <line num="52" count="19" type="stmt"/>
        <line num="53" count="19" type="stmt"/>
        <line num="54" count="19" type="stmt"/>
        <line num="55" count="19" type="stmt"/>
        <line num="57" count="19" type="cond" truecount="2" falsecount="0"/>
        <line num="58" count="18" type="stmt"/>
        <line num="59" count="18" type="stmt"/>
        <line num="61" count="18" type="stmt"/>
        <line num="62" count="18" type="stmt"/>
        <line num="63" count="72" type="cond" truecount="2" falsecount="0"/>
        <line num="66" count="18" type="stmt"/>
        <line num="67" count="18" type="cond" truecount="2" falsecount="0"/>
        <line num="68" count="18" type="cond" truecount="2" falsecount="0"/>
        <line num="70" count="72" type="stmt"/>
        <line num="71" count="72" type="stmt"/>
        <line num="72" count="72" type="stmt"/>
        <line num="73" count="72" type="stmt"/>
        <line num="75" count="18" type="stmt"/>
        <line num="76" count="18" type="stmt"/>
        <line num="77" count="18" type="stmt"/>
        <line num="80" count="19" type="stmt"/>
      </file>
      <file name="useStudentForm.js" path="C:\Users\Me\SDI\implementation\digital-gradebook\src\hooks\useStudentForm.js">
        <metrics statements="47" coveredstatements="47" conditionals="48" coveredconditionals="48" methods="3" coveredmethods="3"/>
        <line num="5" count="14" type="cond" truecount="2" falsecount="0"/>
        <line num="13" count="14" type="stmt"/>
        <line num="14" count="13" type="stmt"/>
        <line num="17" count="14" type="stmt"/>
        <line num="18" count="13" type="stmt"/>
        <line num="20" count="13" type="cond" truecount="4" falsecount="0"/>
        <line num="21" count="1" type="stmt"/>
        <line num="22" count="1" type="stmt"/>
        <line num="24" count="12" type="cond" truecount="4" falsecount="0"/>
        <line num="25" count="1" type="stmt"/>
        <line num="26" count="1" type="stmt"/>
        <line num="29" count="11" type="cond" truecount="2" falsecount="0"/>
        <line num="30" count="1" type="stmt"/>
        <line num="31" count="1" type="stmt"/>
        <line num="34" count="10" type="stmt"/>
        <line num="35" count="10" type="cond" truecount="4" falsecount="0"/>
        <line num="36" count="1" type="stmt"/>
        <line num="37" count="1" type="stmt"/>
        <line num="40" count="9" type="stmt"/>
        <line num="41" count="9" type="cond" truecount="4" falsecount="0"/>
        <line num="42" count="1" type="stmt"/>
        <line num="43" count="1" type="stmt"/>
        <line num="46" count="8" type="stmt"/>
        <line num="47" count="8" type="cond" truecount="4" falsecount="0"/>
        <line num="48" count="1" type="stmt"/>
        <line num="49" count="1" type="stmt"/>
        <line num="52" count="7" type="cond" truecount="4" falsecount="0"/>
        <line num="53" count="1" type="stmt"/>
        <line num="54" count="1" type="stmt"/>
        <line num="56" count="6" type="cond" truecount="4" falsecount="0"/>
        <line num="57" count="1" type="stmt"/>
        <line num="58" count="1" type="stmt"/>
        <line num="61" count="5" type="cond" truecount="4" falsecount="0"/>
        <line num="62" count="1" type="stmt"/>
        <line num="63" count="1" type="stmt"/>
        <line num="65" count="4" type="stmt"/>
        <line num="66" count="4" type="cond" truecount="4" falsecount="0"/>
        <line num="67" count="1" type="stmt"/>
        <line num="68" count="1" type="stmt"/>
        <line num="71" count="3" type="cond" truecount="4" falsecount="0"/>
        <line num="72" count="1" type="stmt"/>
        <line num="73" count="1" type="stmt"/>
        <line num="75" count="2" type="cond" truecount="4" falsecount="0"/>
        <line num="76" count="1" type="stmt"/>
        <line num="77" count="1" type="stmt"/>
        <line num="81" count="1" type="stmt"/>
        <line num="84" count="14" type="stmt"/>
      </file>
    </package>
  </project>
</coverage>
