{"C:\\Users\\Me\\SDI\\implementation\\digital-gradebook\\src\\components\\DetailedView.jsx": {"path":"C:\\Users\\Me\\SDI\\implementation\\digital-gradebook\\src\\components\\DetailedView.jsx","statementMap":{"0":{"start":{"line":5,"column":4},"end":{"line":5,"column":null}},"1":{"start":{"line":5,"column":18},"end":{"line":5,"column":null}},"2":{"start":{"line":7,"column":10},"end":{"line":11,"column":null}},"3":{"start":{"line":8,"column":8},"end":{"line":8,"column":null}},"4":{"start":{"line":8,"column":45},"end":{"line":8,"column":null}},"5":{"start":{"line":9,"column":8},"end":{"line":9,"column":null}},"6":{"start":{"line":9,"column":27},"end":{"line":9,"column":null}},"7":{"start":{"line":10,"column":8},"end":{"line":10,"column":null}},"8":{"start":{"line":10,"column":27},"end":{"line":10,"column":null}},"9":{"start":{"line":11,"column":8},"end":{"line":11,"column":null}},"10":{"start":{"line":14,"column":25},"end":{"line":14,"column":null}},"11":{"start":{"line":16,"column":4},"end":{"line":84,"column":null}}},"fnMap":{"0":{"name":"DetailedView","decl":{"start":{"line":4,"column":9},"end":{"line":4,"column":22}},"loc":{"start":{"line":4,"column":61},"end":{"line":84,"column":null}},"line":4},"1":{"name":"(anonymous_1)","decl":{"start":{"line":7,"column":10},"end":{"line":7,"column":22}},"loc":{"start":{"line":7,"column":32},"end":{"line":11,"column":null}},"line":7}},"branchMap":{"0":{"loc":{"start":{"line":5,"column":4},"end":{"line":5,"column":null}},"type":"if","locations":[{"start":{"line":5,"column":4},"end":{"line":5,"column":null}},{"start":{},"end":{}}],"line":5},"1":{"loc":{"start":{"line":8,"column":8},"end":{"line":8,"column":null}},"type":"if","locations":[{"start":{"line":8,"column":8},"end":{"line":8,"column":null}},{"start":{},"end":{}}],"line":8},"2":{"loc":{"start":{"line":8,"column":12},"end":{"line":8,"column":45}},"type":"binary-expr","locations":[{"start":{"line":8,"column":12},"end":{"line":8,"column":30}},{"start":{"line":8,"column":30},"end":{"line":8,"column":45}}],"line":8},"3":{"loc":{"start":{"line":9,"column":8},"end":{"line":9,"column":null}},"type":"if","locations":[{"start":{"line":9,"column":8},"end":{"line":9,"column":null}},{"start":{},"end":{}}],"line":9},"4":{"loc":{"start":{"line":10,"column":8},"end":{"line":10,"column":null}},"type":"if","locations":[{"start":{"line":10,"column":8},"end":{"line":10,"column":null}},{"start":{},"end":{}}],"line":10},"5":{"loc":{"start":{"line":66,"column":103},"end":{"line":66,"column":128}},"type":"binary-expr","locations":[{"start":{"line":66,"column":103},"end":{"line":66,"column":124}},{"start":{"line":66,"column":124},"end":{"line":66,"column":128}}],"line":66},"6":{"loc":{"start":{"line":67,"column":38},"end":{"line":67,"column":80}},"type":"binary-expr","locations":[{"start":{"line":67,"column":38},"end":{"line":67,"column":58}},{"start":{"line":67,"column":58},"end":{"line":67,"column":80}}],"line":67},"7":{"loc":{"start":{"line":70,"column":103},"end":{"line":70,"column":128}},"type":"binary-expr","locations":[{"start":{"line":70,"column":103},"end":{"line":70,"column":124}},{"start":{"line":70,"column":124},"end":{"line":70,"column":128}}],"line":70},"8":{"loc":{"start":{"line":71,"column":38},"end":{"line":71,"column":80}},"type":"binary-expr","locations":[{"start":{"line":71,"column":38},"end":{"line":71,"column":58}},{"start":{"line":71,"column":58},"end":{"line":71,"column":80}}],"line":71}},"s":{"0":7,"1":1,"2":6,"3":6,"4":3,"5":3,"6":1,"7":2,"8":2,"9":1,"10":6,"11":6},"f":{"0":7,"1":6},"b":{"0":[1,6],"1":[3,3],"2":[6,3],"3":[1,2],"4":[1,1],"5":[6,1],"6":[7,1],"7":[7,1],"8":[7,1]},"meta":{"lastBranch":9,"lastFunction":2,"lastStatement":12,"seen":{"f:4:9:4:22":0,"b:5:4:5:Infinity:undefined:undefined:undefined:undefined":0,"s:5:4:5:Infinity":0,"s:5:18:5:Infinity":1,"s:7:10:11:Infinity":2,"f:7:10:7:22":1,"b:8:8:8:Infinity:undefined:undefined:undefined:undefined":1,"s:8:8:8:Infinity":3,"b:8:12:8:30:8:30:8:45":2,"s:8:45:8:Infinity":4,"b:9:8:9:Infinity:undefined:undefined:undefined:undefined":3,"s:9:8:9:Infinity":5,"s:9:27:9:Infinity":6,"b:10:8:10:Infinity:undefined:undefined:undefined:undefined":4,"s:10:8:10:Infinity":7,"s:10:27:10:Infinity":8,"s:11:8:11:Infinity":9,"s:14:25:14:Infinity":10,"s:16:4:84:Infinity":11,"b:66:103:66:124:66:124:66:128":5,"b:67:38:67:58:67:58:67:80":6,"b:70:103:70:124:70:124:70:128":7,"b:71:38:71:58:71:58:71:80":8}}}
,"C:\\Users\\Me\\SDI\\implementation\\digital-gradebook\\src\\components\\MasterView.jsx": {"path":"C:\\Users\\Me\\SDI\\implementation\\digital-gradebook\\src\\components\\MasterView.jsx","statementMap":{"0":{"start":{"line":11,"column":58},"end":{"line":12,"column":31}},"1":{"start":{"line":14,"column":4},"end":{"line":153,"column":null}},"2":{"start":{"line":24,"column":110},"end":{"line":24,"column":131}},"3":{"start":{"line":25,"column":115},"end":{"line":25,"column":141}},"4":{"start":{"line":40,"column":88},"end":{"line":40,"column":106}},"5":{"start":{"line":43,"column":90},"end":{"line":43,"column":109}},"6":{"start":{"line":51,"column":32},"end":{"line":62,"column":null}},"7":{"start":{"line":51,"column":84},"end":{"line":51,"column":119}},"8":{"start":{"line":79,"column":43},"end":{"line":79,"column":88}},"9":{"start":{"line":79,"column":66},"end":{"line":79,"column":87}},"10":{"start":{"line":84,"column":70},"end":{"line":84,"column":76}},"11":{"start":{"line":85,"column":28},"end":{"line":91,"column":null}},"12":{"start":{"line":88,"column":47},"end":{"line":88,"column":67}},"13":{"start":{"line":96,"column":43},"end":{"line":96,"column":97}},"14":{"start":{"line":96,"column":66},"end":{"line":96,"column":96}},"15":{"start":{"line":148,"column":32},"end":{"line":151,"column":null}}},"fnMap":{"0":{"name":"MasterView","decl":{"start":{"line":5,"column":9},"end":{"line":5,"column":20}},"loc":{"start":{"line":5,"column":62},"end":{"line":153,"column":null}},"line":5},"1":{"name":"(anonymous_1)","decl":{"start":{"line":24,"column":95},"end":{"line":24,"column":110}},"loc":{"start":{"line":24,"column":110},"end":{"line":24,"column":131}},"line":24},"2":{"name":"(anonymous_2)","decl":{"start":{"line":25,"column":100},"end":{"line":25,"column":115}},"loc":{"start":{"line":25,"column":115},"end":{"line":25,"column":141}},"line":25},"3":{"name":"(anonymous_3)","decl":{"start":{"line":40,"column":73},"end":{"line":40,"column":88}},"loc":{"start":{"line":40,"column":88},"end":{"line":40,"column":106}},"line":40},"4":{"name":"(anonymous_4)","decl":{"start":{"line":43,"column":75},"end":{"line":43,"column":90}},"loc":{"start":{"line":43,"column":90},"end":{"line":43,"column":109}},"line":43},"5":{"name":"(anonymous_5)","decl":{"start":{"line":50,"column":45},"end":{"line":50,"column":50}},"loc":{"start":{"line":51,"column":32},"end":{"line":62,"column":null}},"line":51},"6":{"name":"(anonymous_6)","decl":{"start":{"line":51,"column":69},"end":{"line":51,"column":84}},"loc":{"start":{"line":51,"column":84},"end":{"line":51,"column":119}},"line":51},"7":{"name":"(anonymous_7)","decl":{"start":{"line":79,"column":28},"end":{"line":79,"column":43}},"loc":{"start":{"line":79,"column":43},"end":{"line":79,"column":88}},"line":79},"8":{"name":"(anonymous_8)","decl":{"start":{"line":79,"column":43},"end":{"line":79,"column":58}},"loc":{"start":{"line":79,"column":66},"end":{"line":79,"column":87}},"line":79},"9":{"name":"(anonymous_9)","decl":{"start":{"line":84,"column":58},"end":{"line":84,"column":61}},"loc":{"start":{"line":84,"column":70},"end":{"line":84,"column":76}},"line":84},"10":{"name":"(anonymous_10)","decl":{"start":{"line":84,"column":77},"end":{"line":84,"column":81}},"loc":{"start":{"line":85,"column":28},"end":{"line":91,"column":null}},"line":85},"11":{"name":"(anonymous_11)","decl":{"start":{"line":88,"column":32},"end":{"line":88,"column":47}},"loc":{"start":{"line":88,"column":47},"end":{"line":88,"column":67}},"line":88},"12":{"name":"(anonymous_12)","decl":{"start":{"line":96,"column":28},"end":{"line":96,"column":43}},"loc":{"start":{"line":96,"column":43},"end":{"line":96,"column":97}},"line":96},"13":{"name":"(anonymous_13)","decl":{"start":{"line":96,"column":43},"end":{"line":96,"column":58}},"loc":{"start":{"line":96,"column":66},"end":{"line":96,"column":96}},"line":96},"14":{"name":"(anonymous_14)","decl":{"start":{"line":147,"column":312},"end":{"line":147,"column":316}},"loc":{"start":{"line":148,"column":32},"end":{"line":151,"column":null}},"line":148}},"branchMap":{"0":{"loc":{"start":{"line":24,"column":54},"end":{"line":24,"column":95}},"type":"cond-expr","locations":[{"start":{"line":24,"column":78},"end":{"line":24,"column":89}},{"start":{"line":24,"column":89},"end":{"line":24,"column":95}}],"line":24},"1":{"loc":{"start":{"line":25,"column":54},"end":{"line":25,"column":100}},"type":"cond-expr","locations":[{"start":{"line":25,"column":83},"end":{"line":25,"column":94}},{"start":{"line":25,"column":94},"end":{"line":25,"column":100}}],"line":25},"2":{"loc":{"start":{"line":28,"column":21},"end":{"line":29,"column":null}},"type":"binary-expr","locations":[{"start":{"line":28,"column":21},"end":{"line":28,"column":null}},{"start":{"line":29,"column":24},"end":{"line":29,"column":null}}],"line":28},"3":{"loc":{"start":{"line":34,"column":13},"end":{"line":101,"column":null}},"type":"binary-expr","locations":[{"start":{"line":34,"column":13},"end":{"line":34,"column":null}},{"start":{"line":35,"column":16},"end":{"line":101,"column":null}}],"line":34},"4":{"loc":{"start":{"line":41,"column":42},"end":{"line":41,"column":null}},"type":"cond-expr","locations":[{"start":{"line":41,"column":71},"end":{"line":41,"column":123}},{"start":{"line":41,"column":123},"end":{"line":41,"column":null}}],"line":41},"5":{"loc":{"start":{"line":41,"column":71},"end":{"line":41,"column":123}},"type":"cond-expr","locations":[{"start":{"line":41,"column":110},"end":{"line":41,"column":116}},{"start":{"line":41,"column":116},"end":{"line":41,"column":123}}],"line":41},"6":{"loc":{"start":{"line":44,"column":49},"end":{"line":44,"column":null}},"type":"cond-expr","locations":[{"start":{"line":44,"column":79},"end":{"line":44,"column":131}},{"start":{"line":44,"column":131},"end":{"line":44,"column":null}}],"line":44},"7":{"loc":{"start":{"line":44,"column":79},"end":{"line":44,"column":131}},"type":"cond-expr","locations":[{"start":{"line":44,"column":118},"end":{"line":44,"column":124}},{"start":{"line":44,"column":124},"end":{"line":44,"column":131}}],"line":44},"8":{"loc":{"start":{"line":51,"column":84},"end":{"line":51,"column":119}},"type":"binary-expr","locations":[{"start":{"line":51,"column":84},"end":{"line":51,"column":102}},{"start":{"line":51,"column":102},"end":{"line":51,"column":119}}],"line":51},"9":{"loc":{"start":{"line":58,"column":78},"end":{"line":58,"column":null}},"type":"cond-expr","locations":[{"start":{"line":58,"column":117},"end":{"line":58,"column":137}},{"start":{"line":58,"column":137},"end":{"line":58,"column":null}}],"line":58},"10":{"loc":{"start":{"line":58,"column":78},"end":{"line":58,"column":117}},"type":"binary-expr","locations":[{"start":{"line":58,"column":78},"end":{"line":58,"column":98}},{"start":{"line":58,"column":98},"end":{"line":58,"column":117}}],"line":58},"11":{"loc":{"start":{"line":64,"column":29},"end":{"line":67,"column":null}},"type":"binary-expr","locations":[{"start":{"line":64,"column":29},"end":{"line":64,"column":null}},{"start":{"line":65,"column":32},"end":{"line":67,"column":null}}],"line":64},"12":{"loc":{"start":{"line":70,"column":43},"end":{"line":70,"column":93}},"type":"cond-expr","locations":[{"start":{"line":70,"column":65},"end":{"line":70,"column":91}},{"start":{"line":70,"column":91},"end":{"line":70,"column":93}}],"line":70},"13":{"loc":{"start":{"line":78,"column":58},"end":{"line":78,"column":null}},"type":"cond-expr","locations":[{"start":{"line":78,"column":76},"end":{"line":78,"column":87}},{"start":{"line":78,"column":87},"end":{"line":78,"column":null}}],"line":78},"14":{"loc":{"start":{"line":87,"column":62},"end":{"line":87,"column":null}},"type":"cond-expr","locations":[{"start":{"line":87,"column":85},"end":{"line":87,"column":96}},{"start":{"line":87,"column":96},"end":{"line":87,"column":null}}],"line":87},"15":{"loc":{"start":{"line":95,"column":58},"end":{"line":95,"column":null}},"type":"cond-expr","locations":[{"start":{"line":95,"column":85},"end":{"line":95,"column":96}},{"start":{"line":95,"column":96},"end":{"line":95,"column":null}}],"line":95},"16":{"loc":{"start":{"line":104,"column":13},"end":{"line":153,"column":null}},"type":"binary-expr","locations":[{"start":{"line":104,"column":13},"end":{"line":104,"column":43}},{"start":{"line":104,"column":43},"end":{"line":104,"column":null}},{"start":{"line":105,"column":16},"end":{"line":153,"column":null}}],"line":104},"17":{"loc":{"start":{"line":125,"column":73},"end":{"line":125,"column":150}},"type":"cond-expr","locations":[{"start":{"line":125,"column":87},"end":{"line":125,"column":140}},{"start":{"line":125,"column":140},"end":{"line":125,"column":150}}],"line":125},"18":{"loc":{"start":{"line":132,"column":73},"end":{"line":132,"column":150}},"type":"cond-expr","locations":[{"start":{"line":132,"column":87},"end":{"line":132,"column":140}},{"start":{"line":132,"column":140},"end":{"line":132,"column":150}}],"line":132},"19":{"loc":{"start":{"line":139,"column":73},"end":{"line":139,"column":150}},"type":"cond-expr","locations":[{"start":{"line":139,"column":87},"end":{"line":139,"column":140}},{"start":{"line":139,"column":140},"end":{"line":139,"column":150}}],"line":139}},"s":{"0":19,"1":19,"2":0,"3":2,"4":3,"5":2,"6":47,"7":0,"8":1,"9":1,"10":21,"11":21,"12":1,"13":1,"14":1,"15":18},"f":{"0":19,"1":0,"2":2,"3":3,"4":2,"5":47,"6":0,"7":1,"8":1,"9":21,"10":21,"11":1,"12":1,"13":1,"14":18},"b":{"0":[17,2],"1":[2,17],"2":[19,2],"3":[19,17],"4":[3,14],"5":[2,1],"6":[2,15],"7":[2,0],"8":[0,0],"9":[36,11],"10":[47,11],"11":[17,1],"12":[16,1],"13":[2,15],"14":[17,4],"15":[2,15],"16":[19,2,2],"17":[0,2],"18":[2,0],"19":[1,1]},"meta":{"lastBranch":20,"lastFunction":15,"lastStatement":16,"seen":{"f:5:9:5:20":0,"s:11:58:12:31":0,"s:14:4:153:Infinity":1,"b:24:78:24:89:24:89:24:95":0,"f:24:95:24:110":1,"s:24:110:24:131":2,"b:25:83:25:94:25:94:25:100":1,"f:25:100:25:115":2,"s:25:115:25:141":3,"b:28:21:28:Infinity:29:24:29:Infinity":2,"b:34:13:34:Infinity:35:16:101:Infinity":3,"f:40:73:40:88":3,"s:40:88:40:106":4,"b:41:71:41:123:41:123:41:Infinity":4,"b:41:110:41:116:41:116:41:123":5,"f:43:75:43:90":4,"s:43:90:43:109":5,"b:44:79:44:131:44:131:44:Infinity":6,"b:44:118:44:124:44:124:44:131":7,"f:50:45:50:50":5,"s:51:32:62:Infinity":6,"f:51:69:51:84":6,"s:51:84:51:119":7,"b:51:84:51:102:51:102:51:119":8,"b:58:117:58:137:58:137:58:Infinity":9,"b:58:78:58:98:58:98:58:117":10,"b:64:29:64:Infinity:65:32:67:Infinity":11,"b:70:65:70:91:70:91:70:93":12,"b:78:76:78:87:78:87:78:Infinity":13,"f:79:28:79:43":7,"s:79:43:79:88":8,"f:79:43:79:58":8,"s:79:66:79:87":9,"f:84:58:84:61":9,"s:84:70:84:76":10,"f:84:77:84:81":10,"s:85:28:91:Infinity":11,"b:87:85:87:96:87:96:87:Infinity":14,"f:88:32:88:47":11,"s:88:47:88:67":12,"b:95:85:95:96:95:96:95:Infinity":15,"f:96:28:96:43":12,"s:96:43:96:97":13,"f:96:43:96:58":13,"s:96:66:96:96":14,"b:104:13:104:43:104:43:104:Infinity:105:16:153:Infinity":16,"b:125:87:125:140:125:140:125:150":17,"b:132:87:132:140:132:140:132:150":18,"b:139:87:139:140:139:140:139:150":19,"f:147:312:147:316":14,"s:148:32:151:Infinity":15}}}
,"C:\\Users\\Me\\SDI\\implementation\\digital-gradebook\\src\\components\\StudentForm.jsx": {"path":"C:\\Users\\Me\\SDI\\implementation\\digital-gradebook\\src\\components\\StudentForm.jsx","statementMap":{"0":{"start":{"line":6,"column":36},"end":{"line":6,"column":88}},"1":{"start":{"line":8,"column":4},"end":{"line":54,"column":null}}},"fnMap":{"0":{"name":"StudentForm","decl":{"start":{"line":5,"column":9},"end":{"line":5,"column":21}},"loc":{"start":{"line":5,"column":56},"end":{"line":54,"column":null}},"line":5}},"branchMap":{"0":{"loc":{"start":{"line":10,"column":40},"end":{"line":10,"column":94}},"type":"cond-expr","locations":[{"start":{"line":10,"column":54},"end":{"line":10,"column":71}},{"start":{"line":10,"column":71},"end":{"line":10,"column":94}}],"line":10}},"s":{"0":14,"1":14},"f":{"0":14},"b":{"0":[0,14]},"meta":{"lastBranch":1,"lastFunction":1,"lastStatement":2,"seen":{"f:5:9:5:21":0,"s:6:36:6:88":0,"s:8:4:54:Infinity":1,"b:10:54:10:71:10:71:10:94":0}}}
,"C:\\Users\\Me\\SDI\\implementation\\digital-gradebook\\src\\hooks\\useMasterView.js": {"path":"C:\\Users\\Me\\SDI\\implementation\\digital-gradebook\\src\\hooks\\useMasterView.js","statementMap":{"0":{"start":{"line":5,"column":24},"end":{"line":5,"column":53}},"1":{"start":{"line":6,"column":22},"end":{"line":6,"column":55}},"2":{"start":{"line":7,"column":23},"end":{"line":7,"column":87}},"3":{"start":{"line":9,"column":28},"end":{"line":9,"column":null}},"4":{"start":{"line":10,"column":23},"end":{"line":10,"column":null}},"5":{"start":{"line":12,"column":24},"end":{"line":12,"column":null}},"6":{"start":{"line":14,"column":10},"end":{"line":19,"column":null}},"7":{"start":{"line":15,"column":24},"end":{"line":15,"column":null}},"8":{"start":{"line":16,"column":8},"end":{"line":17,"column":null}},"9":{"start":{"line":17,"column":12},"end":{"line":17,"column":null}},"10":{"start":{"line":19,"column":8},"end":{"line":19,"column":null}},"11":{"start":{"line":22,"column":27},"end":{"line":38,"column":null}},"12":{"start":{"line":23,"column":8},"end":{"line":28,"column":null}},"13":{"start":{"line":24,"column":26},"end":{"line":24,"column":null}},"14":{"start":{"line":25,"column":26},"end":{"line":25,"column":null}},"15":{"start":{"line":26,"column":12},"end":{"line":26,"column":null}},"16":{"start":{"line":26,"column":31},"end":{"line":26,"column":null}},"17":{"start":{"line":27,"column":12},"end":{"line":27,"column":null}},"18":{"start":{"line":27,"column":31},"end":{"line":27,"column":null}},"19":{"start":{"line":28,"column":12},"end":{"line":28,"column":null}},"20":{"start":{"line":30,"column":8},"end":{"line":35,"column":null}},"21":{"start":{"line":31,"column":25},"end":{"line":31,"column":null}},"22":{"start":{"line":32,"column":25},"end":{"line":32,"column":null}},"23":{"start":{"line":33,"column":12},"end":{"line":33,"column":null}},"24":{"start":{"line":33,"column":29},"end":{"line":33,"column":null}},"25":{"start":{"line":34,"column":12},"end":{"line":34,"column":null}},"26":{"start":{"line":34,"column":29},"end":{"line":34,"column":null}},"27":{"start":{"line":35,"column":12},"end":{"line":35,"column":null}},"28":{"start":{"line":37,"column":8},"end":{"line":37,"column":null}},"29":{"start":{"line":40,"column":31},"end":{"line":40,"column":null}},"30":{"start":{"line":41,"column":32},"end":{"line":41,"column":null}},"31":{"start":{"line":42,"column":28},"end":{"line":42,"column":89}},"32":{"start":{"line":44,"column":10},"end":{"line":49,"column":null}},"33":{"start":{"line":45,"column":8},"end":{"line":45,"column":null}},"34":{"start":{"line":45,"column":28},"end":{"line":45,"column":null}},"35":{"start":{"line":46,"column":8},"end":{"line":46,"column":null}},"36":{"start":{"line":46,"column":27},"end":{"line":46,"column":null}},"37":{"start":{"line":47,"column":8},"end":{"line":47,"column":null}},"38":{"start":{"line":47,"column":27},"end":{"line":47,"column":null}},"39":{"start":{"line":48,"column":8},"end":{"line":48,"column":null}},"40":{"start":{"line":48,"column":27},"end":{"line":48,"column":null}},"41":{"start":{"line":49,"column":8},"end":{"line":49,"column":null}},"42":{"start":{"line":52,"column":26},"end":{"line":52,"column":null}},"43":{"start":{"line":53,"column":27},"end":{"line":53,"column":null}},"44":{"start":{"line":54,"column":16},"end":{"line":54,"column":19}},"45":{"start":{"line":54,"column":26},"end":{"line":54,"column":29}},"46":{"start":{"line":54,"column":36},"end":{"line":54,"column":39}},"47":{"start":{"line":54,"column":46},"end":{"line":54,"column":null}},"48":{"start":{"line":55,"column":18},"end":{"line":55,"column":21}},"49":{"start":{"line":55,"column":30},"end":{"line":55,"column":33}},"50":{"start":{"line":55,"column":42},"end":{"line":55,"column":45}},"51":{"start":{"line":55,"column":54},"end":{"line":55,"column":null}},"52":{"start":{"line":57,"column":4},"end":{"line":77,"column":null}},"53":{"start":{"line":58,"column":29},"end":{"line":58,"column":null}},"54":{"start":{"line":59,"column":28},"end":{"line":59,"column":null}},"55":{"start":{"line":61,"column":25},"end":{"line":61,"column":null}},"56":{"start":{"line":62,"column":8},"end":{"line":64,"column":null}},"57":{"start":{"line":63,"column":12},"end":{"line":63,"column":null}},"58":{"start":{"line":66,"column":25},"end":{"line":66,"column":65}},"59":{"start":{"line":67,"column":8},"end":{"line":67,"column":null}},"60":{"start":{"line":68,"column":8},"end":{"line":68,"column":null}},"61":{"start":{"line":70,"column":8},"end":{"line":70,"column":null}},"62":{"start":{"line":70,"column":39},"end":{"line":70,"column":56}},"63":{"start":{"line":71,"column":8},"end":{"line":71,"column":null}},"64":{"start":{"line":71,"column":38},"end":{"line":71,"column":54}},"65":{"start":{"line":72,"column":8},"end":{"line":72,"column":null}},"66":{"start":{"line":72,"column":38},"end":{"line":72,"column":54}},"67":{"start":{"line":73,"column":8},"end":{"line":73,"column":null}},"68":{"start":{"line":73,"column":38},"end":{"line":73,"column":54}},"69":{"start":{"line":75,"column":8},"end":{"line":75,"column":null}},"70":{"start":{"line":76,"column":8},"end":{"line":76,"column":null}},"71":{"start":{"line":77,"column":8},"end":{"line":77,"column":null}},"72":{"start":{"line":80,"column":4},"end":{"line":89,"column":null}}},"fnMap":{"0":{"name":"useMasterView","decl":{"start":{"line":4,"column":16},"end":{"line":4,"column":30}},"loc":{"start":{"line":4,"column":40},"end":{"line":89,"column":null}},"line":4},"1":{"name":"(anonymous_1)","decl":{"start":{"line":14,"column":10},"end":{"line":14,"column":24}},"loc":{"start":{"line":14,"column":32},"end":{"line":19,"column":null}},"line":14},"2":{"name":"(anonymous_2)","decl":{"start":{"line":22,"column":41},"end":{"line":22,"column":47}},"loc":{"start":{"line":22,"column":56},"end":{"line":38,"column":null}},"line":22},"3":{"name":"(anonymous_3)","decl":{"start":{"line":44,"column":10},"end":{"line":44,"column":22}},"loc":{"start":{"line":44,"column":32},"end":{"line":49,"column":null}},"line":44},"4":{"name":"(anonymous_4)","decl":{"start":{"line":62,"column":17},"end":{"line":62,"column":25}},"loc":{"start":{"line":62,"column":30},"end":{"line":64,"column":null}},"line":62},"5":{"name":"(anonymous_5)","decl":{"start":{"line":70,"column":27},"end":{"line":70,"column":34}},"loc":{"start":{"line":70,"column":39},"end":{"line":70,"column":56}},"line":70},"6":{"name":"(anonymous_6)","decl":{"start":{"line":71,"column":26},"end":{"line":71,"column":33}},"loc":{"start":{"line":71,"column":38},"end":{"line":71,"column":54}},"line":71},"7":{"name":"(anonymous_7)","decl":{"start":{"line":72,"column":26},"end":{"line":72,"column":33}},"loc":{"start":{"line":72,"column":38},"end":{"line":72,"column":54}},"line":72},"8":{"name":"(anonymous_8)","decl":{"start":{"line":73,"column":26},"end":{"line":73,"column":33}},"loc":{"start":{"line":73,"column":38},"end":{"line":73,"column":54}},"line":73}},"branchMap":{"0":{"loc":{"start":{"line":10,"column":23},"end":{"line":10,"column":null}},"type":"binary-expr","locations":[{"start":{"line":10,"column":23},"end":{"line":10,"column":67}},{"start":{"line":10,"column":71},"end":{"line":10,"column":null}}],"line":10},"1":{"loc":{"start":{"line":16,"column":8},"end":{"line":17,"column":null}},"type":"if","locations":[{"start":{"line":16,"column":8},"end":{"line":17,"column":null}},{"start":{},"end":{}}],"line":16},"2":{"loc":{"start":{"line":16,"column":12},"end":{"line":16,"column":76}},"type":"binary-expr","locations":[{"start":{"line":16,"column":12},"end":{"line":16,"column":38}},{"start":{"line":16,"column":38},"end":{"line":16,"column":76}}],"line":16},"3":{"loc":{"start":{"line":23,"column":8},"end":{"line":28,"column":null}},"type":"if","locations":[{"start":{"line":23,"column":8},"end":{"line":28,"column":null}},{"start":{},"end":{}}],"line":23},"4":{"loc":{"start":{"line":26,"column":12},"end":{"line":26,"column":null}},"type":"if","locations":[{"start":{"line":26,"column":12},"end":{"line":26,"column":null}},{"start":{},"end":{}}],"line":26},"5":{"loc":{"start":{"line":26,"column":38},"end":{"line":26,"column":null}},"type":"cond-expr","locations":[{"start":{"line":26,"column":77},"end":{"line":26,"column":82}},{"start":{"line":26,"column":82},"end":{"line":26,"column":null}}],"line":26},"6":{"loc":{"start":{"line":27,"column":12},"end":{"line":27,"column":null}},"type":"if","locations":[{"start":{"line":27,"column":12},"end":{"line":27,"column":null}},{"start":{},"end":{}}],"line":27},"7":{"loc":{"start":{"line":27,"column":38},"end":{"line":27,"column":null}},"type":"cond-expr","locations":[{"start":{"line":27,"column":77},"end":{"line":27,"column":81}},{"start":{"line":27,"column":81},"end":{"line":27,"column":null}}],"line":27},"8":{"loc":{"start":{"line":30,"column":8},"end":{"line":35,"column":null}},"type":"if","locations":[{"start":{"line":30,"column":8},"end":{"line":35,"column":null}},{"start":{},"end":{}}],"line":30},"9":{"loc":{"start":{"line":33,"column":12},"end":{"line":33,"column":null}},"type":"if","locations":[{"start":{"line":33,"column":12},"end":{"line":33,"column":null}},{"start":{},"end":{}}],"line":33},"10":{"loc":{"start":{"line":33,"column":36},"end":{"line":33,"column":null}},"type":"cond-expr","locations":[{"start":{"line":33,"column":75},"end":{"line":33,"column":80}},{"start":{"line":33,"column":80},"end":{"line":33,"column":null}}],"line":33},"11":{"loc":{"start":{"line":34,"column":12},"end":{"line":34,"column":null}},"type":"if","locations":[{"start":{"line":34,"column":12},"end":{"line":34,"column":null}},{"start":{},"end":{}}],"line":34},"12":{"loc":{"start":{"line":34,"column":36},"end":{"line":34,"column":null}},"type":"cond-expr","locations":[{"start":{"line":34,"column":75},"end":{"line":34,"column":79}},{"start":{"line":34,"column":79},"end":{"line":34,"column":null}}],"line":34},"13":{"loc":{"start":{"line":45,"column":8},"end":{"line":45,"column":null}},"type":"if","locations":[{"start":{"line":45,"column":8},"end":{"line":45,"column":null}},{"start":{},"end":{}}],"line":45},"14":{"loc":{"start":{"line":46,"column":8},"end":{"line":46,"column":null}},"type":"if","locations":[{"start":{"line":46,"column":8},"end":{"line":46,"column":null}},{"start":{},"end":{}}],"line":46},"15":{"loc":{"start":{"line":47,"column":8},"end":{"line":47,"column":null}},"type":"if","locations":[{"start":{"line":47,"column":8},"end":{"line":47,"column":null}},{"start":{},"end":{}}],"line":47},"16":{"loc":{"start":{"line":48,"column":8},"end":{"line":48,"column":null}},"type":"if","locations":[{"start":{"line":48,"column":8},"end":{"line":48,"column":null}},{"start":{},"end":{}}],"line":48},"17":{"loc":{"start":{"line":57,"column":4},"end":{"line":77,"column":null}},"type":"if","locations":[{"start":{"line":57,"column":4},"end":{"line":77,"column":null}},{"start":{},"end":{}}],"line":57},"18":{"loc":{"start":{"line":63,"column":26},"end":{"line":63,"column":null}},"type":"binary-expr","locations":[{"start":{"line":63,"column":26},"end":{"line":63,"column":50}},{"start":{"line":63,"column":50},"end":{"line":63,"column":null}}],"line":63},"19":{"loc":{"start":{"line":67,"column":26},"end":{"line":67,"column":null}},"type":"binary-expr","locations":[{"start":{"line":67,"column":26},"end":{"line":67,"column":52}},{"start":{"line":67,"column":52},"end":{"line":67,"column":null}}],"line":67},"20":{"loc":{"start":{"line":68,"column":27},"end":{"line":68,"column":null}},"type":"binary-expr","locations":[{"start":{"line":68,"column":27},"end":{"line":68,"column":59}},{"start":{"line":68,"column":59},"end":{"line":68,"column":null}}],"line":68}},"s":{"0":19,"1":19,"2":19,"3":19,"4":19,"5":19,"6":19,"7":5,"8":5,"9":1,"10":5,"11":19,"12":54,"13":4,"14":4,"15":4,"16":0,"17":4,"18":3,"19":1,"20":50,"21":3,"22":3,"23":3,"24":1,"25":2,"26":2,"27":2,"28":47,"29":19,"30":19,"31":19,"32":19,"33":47,"34":36,"35":11,"36":0,"37":11,"38":7,"39":4,"40":0,"41":4,"42":19,"43":19,"44":19,"45":19,"46":19,"47":19,"48":19,"49":19,"50":19,"51":19,"52":19,"53":18,"54":18,"55":18,"56":18,"57":72,"58":18,"59":18,"60":18,"61":18,"62":72,"63":18,"64":72,"65":18,"66":72,"67":18,"68":72,"69":18,"70":18,"71":18,"72":19},"f":{"0":19,"1":5,"2":54,"3":47,"4":72,"5":72,"6":72,"7":72,"8":72},"b":{"0":[19,1],"1":[1,4],"2":[5,1],"3":[4,50],"4":[0,4],"5":[0,0],"6":[3,1],"7":[2,1],"8":[3,47],"9":[1,2],"10":[1,0],"11":[0,2],"12":[0,0],"13":[36,11],"14":[0,11],"15":[7,4],"16":[0,4],"17":[18,1],"18":[72,4],"19":[18,1],"20":[18,1]},"meta":{"lastBranch":21,"lastFunction":9,"lastStatement":73,"seen":{"f:4:16:4:30":0,"s:5:24:5:53":0,"s:6:22:6:55":1,"s:7:23:7:87":2,"s:9:28:9:Infinity":3,"s:10:23:10:Infinity":4,"b:10:23:10:67:10:71:10:Infinity":0,"s:12:24:12:Infinity":5,"s:14:10:19:Infinity":6,"f:14:10:14:24":1,"s:15:24:15:Infinity":7,"b:16:8:17:Infinity:undefined:undefined:undefined:undefined":1,"s:16:8:17:Infinity":8,"b:16:12:16:38:16:38:16:76":2,"s:17:12:17:Infinity":9,"s:19:8:19:Infinity":10,"s:22:27:38:Infinity":11,"f:22:41:22:47":2,"b:23:8:28:Infinity:undefined:undefined:undefined:undefined":3,"s:23:8:28:Infinity":12,"s:24:26:24:Infinity":13,"s:25:26:25:Infinity":14,"b:26:12:26:Infinity:undefined:undefined:undefined:undefined":4,"s:26:12:26:Infinity":15,"s:26:31:26:Infinity":16,"b:26:77:26:82:26:82:26:Infinity":5,"b:27:12:27:Infinity:undefined:undefined:undefined:undefined":6,"s:27:12:27:Infinity":17,"s:27:31:27:Infinity":18,"b:27:77:27:81:27:81:27:Infinity":7,"s:28:12:28:Infinity":19,"b:30:8:35:Infinity:undefined:undefined:undefined:undefined":8,"s:30:8:35:Infinity":20,"s:31:25:31:Infinity":21,"s:32:25:32:Infinity":22,"b:33:12:33:Infinity:undefined:undefined:undefined:undefined":9,"s:33:12:33:Infinity":23,"s:33:29:33:Infinity":24,"b:33:75:33:80:33:80:33:Infinity":10,"b:34:12:34:Infinity:undefined:undefined:undefined:undefined":11,"s:34:12:34:Infinity":25,"s:34:29:34:Infinity":26,"b:34:75:34:79:34:79:34:Infinity":12,"s:35:12:35:Infinity":27,"s:37:8:37:Infinity":28,"s:40:31:40:Infinity":29,"s:41:32:41:Infinity":30,"s:42:28:42:89":31,"s:44:10:49:Infinity":32,"f:44:10:44:22":3,"b:45:8:45:Infinity:undefined:undefined:undefined:undefined":13,"s:45:8:45:Infinity":33,"s:45:28:45:Infinity":34,"b:46:8:46:Infinity:undefined:undefined:undefined:undefined":14,"s:46:8:46:Infinity":35,"s:46:27:46:Infinity":36,"b:47:8:47:Infinity:undefined:undefined:undefined:undefined":15,"s:47:8:47:Infinity":37,"s:47:27:47:Infinity":38,"b:48:8:48:Infinity:undefined:undefined:undefined:undefined":16,"s:48:8:48:Infinity":39,"s:48:27:48:Infinity":40,"s:49:8:49:Infinity":41,"s:52:26:52:Infinity":42,"s:53:27:53:Infinity":43,"s:54:16:54:19":44,"s:54:26:54:29":45,"s:54:36:54:39":46,"s:54:46:54:Infinity":47,"s:55:18:55:21":48,"s:55:30:55:33":49,"s:55:42:55:45":50,"s:55:54:55:Infinity":51,"b:57:4:77:Infinity:undefined:undefined:undefined:undefined":17,"s:57:4:77:Infinity":52,"s:58:29:58:Infinity":53,"s:59:28:59:Infinity":54,"s:61:25:61:Infinity":55,"s:62:8:64:Infinity":56,"f:62:17:62:25":4,"s:63:12:63:Infinity":57,"b:63:26:63:50:63:50:63:Infinity":18,"s:66:25:66:65":58,"s:67:8:67:Infinity":59,"b:67:26:67:52:67:52:67:Infinity":19,"s:68:8:68:Infinity":60,"b:68:27:68:59:68:59:68:Infinity":20,"s:70:8:70:Infinity":61,"f:70:27:70:34":5,"s:70:39:70:56":62,"s:71:8:71:Infinity":63,"f:71:26:71:33":6,"s:71:38:71:54":64,"s:72:8:72:Infinity":65,"f:72:26:72:33":7,"s:72:38:72:54":66,"s:73:8:73:Infinity":67,"f:73:26:73:33":8,"s:73:38:73:54":68,"s:75:8:75:Infinity":69,"s:76:8:76:Infinity":70,"s:77:8:77:Infinity":71,"s:80:4:89:Infinity":72}}}
,"C:\\Users\\Me\\SDI\\implementation\\digital-gradebook\\src\\hooks\\useStudentForm.js": {"path":"C:\\Users\\Me\\SDI\\implementation\\digital-gradebook\\src\\hooks\\useStudentForm.js","statementMap":{"0":{"start":{"line":5,"column":21},"end":{"line":11,"column":6}},"1":{"start":{"line":13,"column":10},"end":{"line":14,"column":null}},"2":{"start":{"line":14,"column":8},"end":{"line":14,"column":null}},"3":{"start":{"line":17,"column":10},"end":{"line":81,"column":null}},"4":{"start":{"line":18,"column":8},"end":{"line":18,"column":null}},"5":{"start":{"line":20,"column":8},"end":{"line":22,"column":null}},"6":{"start":{"line":21,"column":12},"end":{"line":21,"column":null}},"7":{"start":{"line":22,"column":12},"end":{"line":22,"column":null}},"8":{"start":{"line":24,"column":8},"end":{"line":26,"column":null}},"9":{"start":{"line":25,"column":12},"end":{"line":25,"column":null}},"10":{"start":{"line":26,"column":12},"end":{"line":26,"column":null}},"11":{"start":{"line":29,"column":8},"end":{"line":31,"column":null}},"12":{"start":{"line":30,"column":12},"end":{"line":30,"column":null}},"13":{"start":{"line":31,"column":12},"end":{"line":31,"column":null}},"14":{"start":{"line":34,"column":27},"end":{"line":34,"column":null}},"15":{"start":{"line":35,"column":8},"end":{"line":37,"column":null}},"16":{"start":{"line":36,"column":12},"end":{"line":36,"column":null}},"17":{"start":{"line":37,"column":12},"end":{"line":37,"column":null}},"18":{"start":{"line":40,"column":26},"end":{"line":40,"column":null}},"19":{"start":{"line":41,"column":8},"end":{"line":43,"column":null}},"20":{"start":{"line":42,"column":12},"end":{"line":42,"column":null}},"21":{"start":{"line":43,"column":12},"end":{"line":43,"column":null}},"22":{"start":{"line":46,"column":25},"end":{"line":46,"column":null}},"23":{"start":{"line":47,"column":8},"end":{"line":49,"column":null}},"24":{"start":{"line":48,"column":12},"end":{"line":48,"column":null}},"25":{"start":{"line":49,"column":12},"end":{"line":49,"column":null}},"26":{"start":{"line":52,"column":8},"end":{"line":54,"column":null}},"27":{"start":{"line":53,"column":12},"end":{"line":53,"column":null}},"28":{"start":{"line":54,"column":12},"end":{"line":54,"column":null}},"29":{"start":{"line":56,"column":8},"end":{"line":58,"column":null}},"30":{"start":{"line":57,"column":12},"end":{"line":57,"column":null}},"31":{"start":{"line":58,"column":12},"end":{"line":58,"column":null}},"32":{"start":{"line":61,"column":8},"end":{"line":63,"column":null}},"33":{"start":{"line":62,"column":12},"end":{"line":62,"column":null}},"34":{"start":{"line":63,"column":12},"end":{"line":63,"column":null}},"35":{"start":{"line":65,"column":27},"end":{"line":65,"column":null}},"36":{"start":{"line":66,"column":8},"end":{"line":68,"column":null}},"37":{"start":{"line":67,"column":12},"end":{"line":67,"column":null}},"38":{"start":{"line":68,"column":12},"end":{"line":68,"column":null}},"39":{"start":{"line":71,"column":8},"end":{"line":73,"column":null}},"40":{"start":{"line":72,"column":12},"end":{"line":72,"column":null}},"41":{"start":{"line":73,"column":12},"end":{"line":73,"column":null}},"42":{"start":{"line":75,"column":8},"end":{"line":77,"column":null}},"43":{"start":{"line":76,"column":12},"end":{"line":76,"column":null}},"44":{"start":{"line":77,"column":12},"end":{"line":77,"column":null}},"45":{"start":{"line":81,"column":8},"end":{"line":81,"column":null}},"46":{"start":{"line":84,"column":4},"end":{"line":84,"column":null}}},"fnMap":{"0":{"name":"useStudentForm","decl":{"start":{"line":4,"column":16},"end":{"line":4,"column":31}},"loc":{"start":{"line":4,"column":52},"end":{"line":84,"column":null}},"line":4},"1":{"name":"(anonymous_1)","decl":{"start":{"line":13,"column":10},"end":{"line":13,"column":26}},"loc":{"start":{"line":13,"column":32},"end":{"line":14,"column":null}},"line":13},"2":{"name":"(anonymous_2)","decl":{"start":{"line":17,"column":10},"end":{"line":17,"column":26}},"loc":{"start":{"line":17,"column":32},"end":{"line":81,"column":null}},"line":17}},"branchMap":{"0":{"loc":{"start":{"line":5,"column":45},"end":{"line":11,"column":6}},"type":"binary-expr","locations":[{"start":{"line":5,"column":45},"end":{"line":5,"column":60}},{"start":{"line":5,"column":60},"end":{"line":11,"column":6}}],"line":5},"1":{"loc":{"start":{"line":20,"column":8},"end":{"line":22,"column":null}},"type":"if","locations":[{"start":{"line":20,"column":8},"end":{"line":22,"column":null}},{"start":{},"end":{}}],"line":20},"2":{"loc":{"start":{"line":20,"column":12},"end":{"line":20,"column":67}},"type":"binary-expr","locations":[{"start":{"line":20,"column":12},"end":{"line":20,"column":34}},{"start":{"line":20,"column":34},"end":{"line":20,"column":67}}],"line":20},"3":{"loc":{"start":{"line":24,"column":8},"end":{"line":26,"column":null}},"type":"if","locations":[{"start":{"line":24,"column":8},"end":{"line":26,"column":null}},{"start":{},"end":{}}],"line":24},"4":{"loc":{"start":{"line":24,"column":12},"end":{"line":24,"column":69}},"type":"binary-expr","locations":[{"start":{"line":24,"column":12},"end":{"line":24,"column":35}},{"start":{"line":24,"column":35},"end":{"line":24,"column":69}}],"line":24},"5":{"loc":{"start":{"line":29,"column":8},"end":{"line":31,"column":null}},"type":"if","locations":[{"start":{"line":29,"column":8},"end":{"line":31,"column":null}},{"start":{},"end":{}}],"line":29},"6":{"loc":{"start":{"line":35,"column":8},"end":{"line":37,"column":null}},"type":"if","locations":[{"start":{"line":35,"column":8},"end":{"line":37,"column":null}},{"start":{},"end":{}}],"line":35},"7":{"loc":{"start":{"line":35,"column":12},"end":{"line":35,"column":63}},"type":"binary-expr","locations":[{"start":{"line":35,"column":12},"end":{"line":35,"column":31}},{"start":{"line":35,"column":31},"end":{"line":35,"column":63}}],"line":35},"8":{"loc":{"start":{"line":41,"column":8},"end":{"line":43,"column":null}},"type":"if","locations":[{"start":{"line":41,"column":8},"end":{"line":43,"column":null}},{"start":{},"end":{}}],"line":41},"9":{"loc":{"start":{"line":41,"column":12},"end":{"line":41,"column":70}},"type":"binary-expr","locations":[{"start":{"line":41,"column":12},"end":{"line":41,"column":35}},{"start":{"line":41,"column":35},"end":{"line":41,"column":70}}],"line":41},"10":{"loc":{"start":{"line":47,"column":8},"end":{"line":49,"column":null}},"type":"if","locations":[{"start":{"line":47,"column":8},"end":{"line":49,"column":null}},{"start":{},"end":{}}],"line":47},"11":{"loc":{"start":{"line":47,"column":12},"end":{"line":47,"column":57}},"type":"binary-expr","locations":[{"start":{"line":47,"column":12},"end":{"line":47,"column":29}},{"start":{"line":47,"column":29},"end":{"line":47,"column":57}}],"line":47},"12":{"loc":{"start":{"line":52,"column":8},"end":{"line":54,"column":null}},"type":"if","locations":[{"start":{"line":52,"column":8},"end":{"line":54,"column":null}},{"start":{},"end":{}}],"line":52},"13":{"loc":{"start":{"line":52,"column":12},"end":{"line":52,"column":67}},"type":"binary-expr","locations":[{"start":{"line":52,"column":12},"end":{"line":52,"column":34}},{"start":{"line":52,"column":34},"end":{"line":52,"column":67}}],"line":52},"14":{"loc":{"start":{"line":56,"column":8},"end":{"line":58,"column":null}},"type":"if","locations":[{"start":{"line":56,"column":8},"end":{"line":58,"column":null}},{"start":{},"end":{}}],"line":56},"15":{"loc":{"start":{"line":56,"column":12},"end":{"line":56,"column":75}},"type":"binary-expr","locations":[{"start":{"line":56,"column":12},"end":{"line":56,"column":38}},{"start":{"line":56,"column":38},"end":{"line":56,"column":75}}],"line":56},"16":{"loc":{"start":{"line":61,"column":8},"end":{"line":63,"column":null}},"type":"if","locations":[{"start":{"line":61,"column":8},"end":{"line":63,"column":null}},{"start":{},"end":{}}],"line":61},"17":{"loc":{"start":{"line":61,"column":12},"end":{"line":61,"column":69}},"type":"binary-expr","locations":[{"start":{"line":61,"column":12},"end":{"line":61,"column":35}},{"start":{"line":61,"column":35},"end":{"line":61,"column":69}}],"line":61},"18":{"loc":{"start":{"line":66,"column":8},"end":{"line":68,"column":null}},"type":"if","locations":[{"start":{"line":66,"column":8},"end":{"line":68,"column":null}},{"start":{},"end":{}}],"line":66},"19":{"loc":{"start":{"line":66,"column":12},"end":{"line":66,"column":69}},"type":"binary-expr","locations":[{"start":{"line":66,"column":12},"end":{"line":66,"column":34}},{"start":{"line":66,"column":34},"end":{"line":66,"column":69}}],"line":66},"20":{"loc":{"start":{"line":71,"column":8},"end":{"line":73,"column":null}},"type":"if","locations":[{"start":{"line":71,"column":8},"end":{"line":73,"column":null}},{"start":{},"end":{}}],"line":71},"21":{"loc":{"start":{"line":71,"column":12},"end":{"line":71,"column":69}},"type":"binary-expr","locations":[{"start":{"line":71,"column":12},"end":{"line":71,"column":35}},{"start":{"line":71,"column":35},"end":{"line":71,"column":69}}],"line":71},"22":{"loc":{"start":{"line":75,"column":8},"end":{"line":77,"column":null}},"type":"if","locations":[{"start":{"line":75,"column":8},"end":{"line":77,"column":null}},{"start":{},"end":{}}],"line":75},"23":{"loc":{"start":{"line":75,"column":12},"end":{"line":75,"column":69}},"type":"binary-expr","locations":[{"start":{"line":75,"column":12},"end":{"line":75,"column":34}},{"start":{"line":75,"column":34},"end":{"line":75,"column":69}}],"line":75}},"s":{"0":14,"1":14,"2":13,"3":14,"4":13,"5":13,"6":1,"7":1,"8":12,"9":1,"10":1,"11":11,"12":1,"13":1,"14":10,"15":10,"16":1,"17":1,"18":9,"19":9,"20":1,"21":1,"22":8,"23":8,"24":1,"25":1,"26":7,"27":1,"28":1,"29":6,"30":1,"31":1,"32":5,"33":1,"34":1,"35":4,"36":4,"37":1,"38":1,"39":3,"40":1,"41":1,"42":2,"43":1,"44":1,"45":1,"46":14},"f":{"0":14,"1":13,"2":13},"b":{"0":[14,14],"1":[1,12],"2":[13,12],"3":[1,11],"4":[12,11],"5":[1,10],"6":[1,9],"7":[10,9],"8":[1,8],"9":[9,8],"10":[1,7],"11":[8,7],"12":[1,6],"13":[7,6],"14":[1,5],"15":[6,5],"16":[1,4],"17":[5,4],"18":[1,3],"19":[4,3],"20":[1,2],"21":[3,2],"22":[1,1],"23":[2,1]},"meta":{"lastBranch":24,"lastFunction":3,"lastStatement":47,"seen":{"f:4:16:4:31":0,"s:5:21:11:6":0,"b:5:45:5:60:5:60:11:6":0,"s:13:10:14:Infinity":1,"f:13:10:13:26":1,"s:14:8:14:Infinity":2,"s:17:10:81:Infinity":3,"f:17:10:17:26":2,"s:18:8:18:Infinity":4,"b:20:8:22:Infinity:undefined:undefined:undefined:undefined":1,"s:20:8:22:Infinity":5,"b:20:12:20:34:20:34:20:67":2,"s:21:12:21:Infinity":6,"s:22:12:22:Infinity":7,"b:24:8:26:Infinity:undefined:undefined:undefined:undefined":3,"s:24:8:26:Infinity":8,"b:24:12:24:35:24:35:24:69":4,"s:25:12:25:Infinity":9,"s:26:12:26:Infinity":10,"b:29:8:31:Infinity:undefined:undefined:undefined:undefined":5,"s:29:8:31:Infinity":11,"s:30:12:30:Infinity":12,"s:31:12:31:Infinity":13,"s:34:27:34:Infinity":14,"b:35:8:37:Infinity:undefined:undefined:undefined:undefined":6,"s:35:8:37:Infinity":15,"b:35:12:35:31:35:31:35:63":7,"s:36:12:36:Infinity":16,"s:37:12:37:Infinity":17,"s:40:26:40:Infinity":18,"b:41:8:43:Infinity:undefined:undefined:undefined:undefined":8,"s:41:8:43:Infinity":19,"b:41:12:41:35:41:35:41:70":9,"s:42:12:42:Infinity":20,"s:43:12:43:Infinity":21,"s:46:25:46:Infinity":22,"b:47:8:49:Infinity:undefined:undefined:undefined:undefined":10,"s:47:8:49:Infinity":23,"b:47:12:47:29:47:29:47:57":11,"s:48:12:48:Infinity":24,"s:49:12:49:Infinity":25,"b:52:8:54:Infinity:undefined:undefined:undefined:undefined":12,"s:52:8:54:Infinity":26,"b:52:12:52:34:52:34:52:67":13,"s:53:12:53:Infinity":27,"s:54:12:54:Infinity":28,"b:56:8:58:Infinity:undefined:undefined:undefined:undefined":14,"s:56:8:58:Infinity":29,"b:56:12:56:38:56:38:56:75":15,"s:57:12:57:Infinity":30,"s:58:12:58:Infinity":31,"b:61:8:63:Infinity:undefined:undefined:undefined:undefined":16,"s:61:8:63:Infinity":32,"b:61:12:61:35:61:35:61:69":17,"s:62:12:62:Infinity":33,"s:63:12:63:Infinity":34,"s:65:27:65:Infinity":35,"b:66:8:68:Infinity:undefined:undefined:undefined:undefined":18,"s:66:8:68:Infinity":36,"b:66:12:66:34:66:34:66:69":19,"s:67:12:67:Infinity":37,"s:68:12:68:Infinity":38,"b:71:8:73:Infinity:undefined:undefined:undefined:undefined":20,"s:71:8:73:Infinity":39,"b:71:12:71:35:71:35:71:69":21,"s:72:12:72:Infinity":40,"s:73:12:73:Infinity":41,"b:75:8:77:Infinity:undefined:undefined:undefined:undefined":22,"s:75:8:77:Infinity":42,"b:75:12:75:34:75:34:75:69":23,"s:76:12:76:Infinity":43,"s:77:12:77:Infinity":44,"s:81:8:81:Infinity":45,"s:84:4:84:Infinity":46}}}
}
